mode: atomic
github.com/GrayCodeAI/iterate/internal/astanalysis/analyzer.go:21.45,26.2 1 0
github.com/GrayCodeAI/iterate/internal/astanalysis/analyzer.go:85.64,87.16 2 0
github.com/GrayCodeAI/iterate/internal/astanalysis/analyzer.go:87.16,89.3 1 0
github.com/GrayCodeAI/iterate/internal/astanalysis/analyzer.go:91.2,92.16 2 0
github.com/GrayCodeAI/iterate/internal/astanalysis/analyzer.go:92.16,94.3 1 0
github.com/GrayCodeAI/iterate/internal/astanalysis/analyzer.go:96.2,102.32 2 0
github.com/GrayCodeAI/iterate/internal/astanalysis/analyzer.go:102.32,105.3 2 0
github.com/GrayCodeAI/iterate/internal/astanalysis/analyzer.go:108.2,108.39 1 0
github.com/GrayCodeAI/iterate/internal/astanalysis/analyzer.go:108.39,109.24 1 0
github.com/GrayCodeAI/iterate/internal/astanalysis/analyzer.go:110.22,111.69 1 0
github.com/GrayCodeAI/iterate/internal/astanalysis/analyzer.go:112.21,113.29 1 0
github.com/GrayCodeAI/iterate/internal/astanalysis/analyzer.go:115.3,115.14 1 0
github.com/GrayCodeAI/iterate/internal/astanalysis/analyzer.go:118.2,118.18 1 0
github.com/GrayCodeAI/iterate/internal/astanalysis/analyzer.go:121.70,128.18 2 0
github.com/GrayCodeAI/iterate/internal/astanalysis/analyzer.go:128.18,130.3 1 0
github.com/GrayCodeAI/iterate/internal/astanalysis/analyzer.go:133.2,133.43 1 0
github.com/GrayCodeAI/iterate/internal/astanalysis/analyzer.go:133.43,135.3 1 0
github.com/GrayCodeAI/iterate/internal/astanalysis/analyzer.go:138.2,138.26 1 0
github.com/GrayCodeAI/iterate/internal/astanalysis/analyzer.go:138.26,139.44 1 0
github.com/GrayCodeAI/iterate/internal/astanalysis/analyzer.go:139.44,140.37 1 0
github.com/GrayCodeAI/iterate/internal/astanalysis/analyzer.go:140.37,142.5 1 0
github.com/GrayCodeAI/iterate/internal/astanalysis/analyzer.go:147.2,147.27 1 0
github.com/GrayCodeAI/iterate/internal/astanalysis/analyzer.go:147.27,148.46 1 0
github.com/GrayCodeAI/iterate/internal/astanalysis/analyzer.go:148.46,150.4 1 0
github.com/GrayCodeAI/iterate/internal/astanalysis/analyzer.go:153.2,153.11 1 0
github.com/GrayCodeAI/iterate/internal/astanalysis/analyzer.go:156.67,157.31 1 0
github.com/GrayCodeAI/iterate/internal/astanalysis/analyzer.go:157.31,158.27 1 0
github.com/GrayCodeAI/iterate/internal/astanalysis/analyzer.go:159.22,160.30 1 0
github.com/GrayCodeAI/iterate/internal/astanalysis/analyzer.go:161.25,162.70 1 0
github.com/GrayCodeAI/iterate/internal/astanalysis/analyzer.go:163.28,164.79 1 0
github.com/GrayCodeAI/iterate/internal/astanalysis/analyzer.go:166.23,168.33 2 0
github.com/GrayCodeAI/iterate/internal/astanalysis/analyzer.go:168.33,175.22 2 0
github.com/GrayCodeAI/iterate/internal/astanalysis/analyzer.go:175.22,177.6 1 0
github.com/GrayCodeAI/iterate/internal/astanalysis/analyzer.go:178.5,178.48 1 0
github.com/GrayCodeAI/iterate/internal/astanalysis/analyzer.go:184.101,191.18 2 0
github.com/GrayCodeAI/iterate/internal/astanalysis/analyzer.go:191.18,193.3 1 0
github.com/GrayCodeAI/iterate/internal/astanalysis/analyzer.go:195.2,195.38 1 0
github.com/GrayCodeAI/iterate/internal/astanalysis/analyzer.go:195.38,199.27 2 0
github.com/GrayCodeAI/iterate/internal/astanalysis/analyzer.go:199.27,201.4 1 0
github.com/GrayCodeAI/iterate/internal/astanalysis/analyzer.go:202.3,202.23 1 0
github.com/GrayCodeAI/iterate/internal/astanalysis/analyzer.go:202.23,204.4 1 0
github.com/GrayCodeAI/iterate/internal/astanalysis/analyzer.go:205.3,205.36 1 0
github.com/GrayCodeAI/iterate/internal/astanalysis/analyzer.go:208.2,208.11 1 0
github.com/GrayCodeAI/iterate/internal/astanalysis/analyzer.go:211.110,218.18 2 0
github.com/GrayCodeAI/iterate/internal/astanalysis/analyzer.go:218.18,220.3 1 0
github.com/GrayCodeAI/iterate/internal/astanalysis/analyzer.go:222.2,222.40 1 0
github.com/GrayCodeAI/iterate/internal/astanalysis/analyzer.go:222.40,223.28 1 0
github.com/GrayCodeAI/iterate/internal/astanalysis/analyzer.go:223.28,225.4 1 0
github.com/GrayCodeAI/iterate/internal/astanalysis/analyzer.go:228.2,228.11 1 0
github.com/GrayCodeAI/iterate/internal/astanalysis/analyzer.go:232.38,233.23 1 0
github.com/GrayCodeAI/iterate/internal/astanalysis/analyzer.go:234.18,235.16 1 0
github.com/GrayCodeAI/iterate/internal/astanalysis/analyzer.go:236.21,237.33 1 0
github.com/GrayCodeAI/iterate/internal/astanalysis/analyzer.go:238.22,239.36 1 0
github.com/GrayCodeAI/iterate/internal/astanalysis/analyzer.go:240.25,241.46 1 0
github.com/GrayCodeAI/iterate/internal/astanalysis/analyzer.go:242.20,243.78 1 0
github.com/GrayCodeAI/iterate/internal/astanalysis/analyzer.go:244.21,245.21 1 0
github.com/GrayCodeAI/iterate/internal/astanalysis/analyzer.go:246.21,247.41 1 0
github.com/GrayCodeAI/iterate/internal/astanalysis/analyzer.go:248.26,249.23 1 0
github.com/GrayCodeAI/iterate/internal/astanalysis/analyzer.go:250.10,251.30 1 0
github.com/GrayCodeAI/iterate/internal/astanalysis/analyzer.go:256.72,259.85 2 0
github.com/GrayCodeAI/iterate/internal/astanalysis/analyzer.go:259.85,260.17 1 0
github.com/GrayCodeAI/iterate/internal/astanalysis/analyzer.go:260.17,262.4 1 0
github.com/GrayCodeAI/iterate/internal/astanalysis/analyzer.go:265.3,265.80 1 0
github.com/GrayCodeAI/iterate/internal/astanalysis/analyzer.go:265.80,267.4 1 0
github.com/GrayCodeAI/iterate/internal/astanalysis/analyzer.go:269.3,269.77 1 0
github.com/GrayCodeAI/iterate/internal/astanalysis/analyzer.go:269.77,271.18 2 0
github.com/GrayCodeAI/iterate/internal/astanalysis/analyzer.go:271.18,273.5 1 0
github.com/GrayCodeAI/iterate/internal/astanalysis/analyzer.go:274.4,274.35 1 0
github.com/GrayCodeAI/iterate/internal/astanalysis/analyzer.go:277.3,277.13 1 0
github.com/GrayCodeAI/iterate/internal/astanalysis/analyzer.go:280.2,280.19 1 0
github.com/GrayCodeAI/iterate/internal/astanalysis/analyzer.go:284.69,286.16 2 0
github.com/GrayCodeAI/iterate/internal/astanalysis/analyzer.go:286.16,288.3 1 0
github.com/GrayCodeAI/iterate/internal/astanalysis/analyzer.go:291.2,292.26 2 0
github.com/GrayCodeAI/iterate/internal/astanalysis/analyzer.go:292.26,293.34 1 0
github.com/GrayCodeAI/iterate/internal/astanalysis/analyzer.go:293.34,294.22 1 0
github.com/GrayCodeAI/iterate/internal/astanalysis/analyzer.go:294.22,296.5 1 0
github.com/GrayCodeAI/iterate/internal/astanalysis/analyzer.go:298.3,298.33 1 0
github.com/GrayCodeAI/iterate/internal/astanalysis/analyzer.go:298.33,299.21 1 0
github.com/GrayCodeAI/iterate/internal/astanalysis/analyzer.go:299.21,301.5 1 0
github.com/GrayCodeAI/iterate/internal/astanalysis/analyzer.go:306.2,307.28 2 0
github.com/GrayCodeAI/iterate/internal/astanalysis/analyzer.go:307.28,309.3 1 0
github.com/GrayCodeAI/iterate/internal/astanalysis/analyzer.go:311.2,311.20 1 0
github.com/GrayCodeAI/iterate/internal/agent/agent.go:19.64,25.2 2 0
github.com/GrayCodeAI/iterate/internal/agent/mutation.go:16.45,20.83 1 5
github.com/GrayCodeAI/iterate/internal/agent/mutation.go:20.83,22.17 2 0
github.com/GrayCodeAI/iterate/internal/agent/mutation.go:22.17,24.5 1 0
github.com/GrayCodeAI/iterate/internal/agent/mutation.go:26.4,32.38 5 0
github.com/GrayCodeAI/iterate/internal/agent/mutation.go:32.38,35.5 1 0
github.com/GrayCodeAI/iterate/internal/agent/mutation.go:37.4,45.48 8 0
github.com/GrayCodeAI/iterate/internal/agent/mutation.go:52.83,64.29 10 0
github.com/GrayCodeAI/iterate/internal/agent/mutation.go:64.29,65.42 1 0
github.com/GrayCodeAI/iterate/internal/agent/mutation.go:65.42,67.76 1 0
github.com/GrayCodeAI/iterate/internal/agent/mutation.go:67.76,69.5 1 0
github.com/GrayCodeAI/iterate/internal/agent/mutation.go:69.10,71.5 1 0
github.com/GrayCodeAI/iterate/internal/agent/mutation.go:75.2,76.25 2 0
github.com/GrayCodeAI/iterate/internal/agent/mutation.go:80.50,85.29 4 9
github.com/GrayCodeAI/iterate/internal/agent/mutation.go:85.29,87.38 2 69
github.com/GrayCodeAI/iterate/internal/agent/mutation.go:87.38,90.4 2 6
github.com/GrayCodeAI/iterate/internal/agent/mutation.go:90.9,90.45 1 63
github.com/GrayCodeAI/iterate/internal/agent/mutation.go:90.45,94.4 3 49
github.com/GrayCodeAI/iterate/internal/agent/mutation.go:97.2,101.15 4 9
github.com/GrayCodeAI/iterate/internal/agent/mutation.go:101.15,104.3 2 7
github.com/GrayCodeAI/iterate/internal/agent/mutation.go:106.2,106.28 1 9
github.com/GrayCodeAI/iterate/internal/agent/mutation.go:106.28,110.33 3 5
github.com/GrayCodeAI/iterate/internal/agent/mutation.go:110.33,112.4 1 3
github.com/GrayCodeAI/iterate/internal/agent/mutation.go:113.3,113.43 1 5
github.com/GrayCodeAI/iterate/internal/agent/mutation.go:113.43,115.4 1 44
github.com/GrayCodeAI/iterate/internal/agent/mutation.go:116.3,116.30 1 5
github.com/GrayCodeAI/iterate/internal/agent/mutation.go:116.30,118.4 1 1
github.com/GrayCodeAI/iterate/internal/agent/mutation.go:121.2,121.20 1 9
github.com/GrayCodeAI/iterate/internal/agent/pool.go:34.43,41.27 2 16
github.com/GrayCodeAI/iterate/internal/agent/pool.go:41.27,43.3 1 755
github.com/GrayCodeAI/iterate/internal/agent/pool.go:45.2,45.12 1 16
github.com/GrayCodeAI/iterate/internal/agent/pool.go:45.12,48.7 3 16
github.com/GrayCodeAI/iterate/internal/agent/pool.go:48.7,49.11 1 22
github.com/GrayCodeAI/iterate/internal/agent/pool.go:50.23,51.11 1 16
github.com/GrayCodeAI/iterate/internal/agent/pool.go:52.20,53.12 1 6
github.com/GrayCodeAI/iterate/internal/agent/pool.go:54.34,54.34 0 6
github.com/GrayCodeAI/iterate/internal/agent/pool.go:55.13,55.13 0 0
github.com/GrayCodeAI/iterate/internal/agent/pool.go:60.2,60.11 1 16
github.com/GrayCodeAI/iterate/internal/agent/pool.go:64.56,65.9 1 40
github.com/GrayCodeAI/iterate/internal/agent/pool.go:66.20,67.19 1 2
github.com/GrayCodeAI/iterate/internal/agent/pool.go:68.19,69.13 1 38
github.com/GrayCodeAI/iterate/internal/agent/pool.go:74.31,75.24 1 16
github.com/GrayCodeAI/iterate/internal/agent/pool.go:75.24,77.3 1 16
github.com/GrayCodeAI/iterate/internal/agent/pool.go:83.114,93.2 2 9
github.com/GrayCodeAI/iterate/internal/agent/pool.go:96.71,98.48 1 11
github.com/GrayCodeAI/iterate/internal/agent/pool.go:98.48,100.3 1 1
github.com/GrayCodeAI/iterate/internal/agent/pool.go:102.2,104.9 2 10
github.com/GrayCodeAI/iterate/internal/agent/pool.go:105.30,107.20 2 3
github.com/GrayCodeAI/iterate/internal/agent/pool.go:108.10,110.34 1 7
github.com/GrayCodeAI/iterate/internal/agent/pool.go:110.34,115.4 4 6
github.com/GrayCodeAI/iterate/internal/agent/pool.go:116.3,116.16 1 1
github.com/GrayCodeAI/iterate/internal/agent/pool.go:120.2,120.9 1 1
github.com/GrayCodeAI/iterate/internal/agent/pool.go:121.20,122.24 1 1
github.com/GrayCodeAI/iterate/internal/agent/pool.go:123.30,124.20 1 0
github.com/GrayCodeAI/iterate/internal/agent/pool.go:129.48,132.9 2 5
github.com/GrayCodeAI/iterate/internal/agent/pool.go:133.28,133.28 0 5
github.com/GrayCodeAI/iterate/internal/agent/pool.go:134.10,136.20 1 0
github.com/GrayCodeAI/iterate/internal/agent/pool.go:141.100,143.16 2 4
github.com/GrayCodeAI/iterate/internal/agent/pool.go:143.16,145.3 1 0
github.com/GrayCodeAI/iterate/internal/agent/pool.go:146.2,147.23 2 4
github.com/GrayCodeAI/iterate/internal/agent/pool.go:152.116,157.29 4 1
github.com/GrayCodeAI/iterate/internal/agent/pool.go:157.29,160.13 3 3
github.com/GrayCodeAI/iterate/internal/agent/pool.go:160.13,162.65 2 3
github.com/GrayCodeAI/iterate/internal/agent/pool.go:162.65,164.5 1 3
github.com/GrayCodeAI/iterate/internal/agent/pool.go:165.4,167.18 3 3
github.com/GrayCodeAI/iterate/internal/agent/pool.go:171.2,172.13 2 1
github.com/GrayCodeAI/iterate/internal/agent/pool.go:176.24,179.33 3 9
github.com/GrayCodeAI/iterate/internal/agent/pool.go:179.33,180.10 1 6
github.com/GrayCodeAI/iterate/internal/agent/pool.go:180.10,181.17 1 6
github.com/GrayCodeAI/iterate/internal/agent/pool.go:181.17,181.30 1 6
github.com/GrayCodeAI/iterate/internal/agent/pool.go:182.4,182.21 1 6
github.com/GrayCodeAI/iterate/internal/agent/pool.go:185.2,186.15 2 9
github.com/GrayCodeAI/iterate/cmd/iterate/commands_git.go:33.68,35.20 2 8
github.com/GrayCodeAI/iterate/cmd/iterate/commands_git.go:35.20,37.3 1 5
github.com/GrayCodeAI/iterate/cmd/iterate/commands_git.go:38.2,38.40 1 8
github.com/GrayCodeAI/iterate/cmd/iterate/commands_git.go:41.40,43.21 2 22
github.com/GrayCodeAI/iterate/cmd/iterate/commands_git.go:43.21,45.3 1 2
github.com/GrayCodeAI/iterate/cmd/iterate/commands_git.go:46.2,46.18 1 20
github.com/GrayCodeAI/iterate/cmd/iterate/commands_git.go:47.20,48.34 1 3
github.com/GrayCodeAI/iterate/cmd/iterate/commands_git.go:49.14,50.46 1 2
github.com/GrayCodeAI/iterate/cmd/iterate/commands_git.go:51.14,52.46 1 2
github.com/GrayCodeAI/iterate/cmd/iterate/commands_git.go:53.16,54.48 1 2
github.com/GrayCodeAI/iterate/cmd/iterate/commands_git.go:55.17,57.21 2 2
github.com/GrayCodeAI/iterate/cmd/iterate/commands_git.go:57.21,59.4 1 2
github.com/GrayCodeAI/iterate/cmd/iterate/commands_git.go:60.3,60.21 1 2
github.com/GrayCodeAI/iterate/cmd/iterate/commands_git.go:60.21,62.4 1 2
github.com/GrayCodeAI/iterate/cmd/iterate/commands_git.go:63.3,63.62 1 2
github.com/GrayCodeAI/iterate/cmd/iterate/commands_git.go:64.24,65.50 1 2
github.com/GrayCodeAI/iterate/cmd/iterate/commands_git.go:66.23,68.31 2 5
github.com/GrayCodeAI/iterate/cmd/iterate/commands_git.go:68.31,69.35 1 3
github.com/GrayCodeAI/iterate/cmd/iterate/commands_git.go:69.35,71.5 1 3
github.com/GrayCodeAI/iterate/cmd/iterate/commands_git.go:73.3,73.50 1 5
github.com/GrayCodeAI/iterate/cmd/iterate/commands_git.go:74.10,75.51 1 2
github.com/GrayCodeAI/iterate/cmd/iterate/commands_git.go:75.51,77.4 1 1
github.com/GrayCodeAI/iterate/cmd/iterate/commands_git.go:78.3,78.34 1 1
github.com/GrayCodeAI/iterate/cmd/iterate/commands_git.go:83.54,87.2 1 4
github.com/GrayCodeAI/iterate/cmd/iterate/commands_project.go:23.48,24.34 1 6
github.com/GrayCodeAI/iterate/cmd/iterate/commands_project.go:24.34,27.3 2 25
github.com/GrayCodeAI/iterate/cmd/iterate/commands_project.go:28.2,28.9 1 6
github.com/GrayCodeAI/iterate/cmd/iterate/commands_project.go:29.23,30.23 1 1
github.com/GrayCodeAI/iterate/cmd/iterate/commands_project.go:31.27,32.25 1 1
github.com/GrayCodeAI/iterate/cmd/iterate/commands_project.go:33.29,34.25 1 1
github.com/GrayCodeAI/iterate/cmd/iterate/commands_project.go:35.77,36.27 1 1
github.com/GrayCodeAI/iterate/cmd/iterate/commands_project.go:37.44,38.25 1 1
github.com/GrayCodeAI/iterate/cmd/iterate/commands_project.go:39.10,40.28 1 1
github.com/GrayCodeAI/iterate/cmd/iterate/commands_project.go:44.39,45.12 1 6
github.com/GrayCodeAI/iterate/cmd/iterate/commands_project.go:46.21,47.14 1 1
github.com/GrayCodeAI/iterate/cmd/iterate/commands_project.go:48.23,49.16 1 1
github.com/GrayCodeAI/iterate/cmd/iterate/commands_project.go:50.23,51.16 1 1
github.com/GrayCodeAI/iterate/cmd/iterate/commands_project.go:52.25,53.18 1 1
github.com/GrayCodeAI/iterate/cmd/iterate/commands_project.go:54.23,55.16 1 1
github.com/GrayCodeAI/iterate/cmd/iterate/commands_project.go:56.10,57.19 1 1
github.com/GrayCodeAI/iterate/cmd/iterate/commands_project.go:70.72,71.12 1 2
github.com/GrayCodeAI/iterate/cmd/iterate/commands_project.go:72.21,77.4 1 1
github.com/GrayCodeAI/iterate/cmd/iterate/commands_project.go:78.23,83.4 1 0
github.com/GrayCodeAI/iterate/cmd/iterate/commands_project.go:84.23,86.69 2 0
github.com/GrayCodeAI/iterate/cmd/iterate/commands_project.go:86.69,88.4 1 0
github.com/GrayCodeAI/iterate/cmd/iterate/commands_project.go:88.9,88.81 1 0
github.com/GrayCodeAI/iterate/cmd/iterate/commands_project.go:88.81,90.4 1 0
github.com/GrayCodeAI/iterate/cmd/iterate/commands_project.go:91.3,95.4 1 0
github.com/GrayCodeAI/iterate/cmd/iterate/commands_project.go:96.25,99.4 1 0
github.com/GrayCodeAI/iterate/cmd/iterate/commands_project.go:100.23,104.4 1 0
github.com/GrayCodeAI/iterate/cmd/iterate/commands_project.go:105.10,106.13 1 1
github.com/GrayCodeAI/iterate/cmd/iterate/config.go:40.49,40.68 1 0
github.com/GrayCodeAI/iterate/cmd/iterate/config.go:41.49,41.65 1 0
github.com/GrayCodeAI/iterate/cmd/iterate/config.go:42.49,42.67 1 0
github.com/GrayCodeAI/iterate/cmd/iterate/config.go:43.49,43.64 1 0
github.com/GrayCodeAI/iterate/cmd/iterate/config.go:44.49,44.65 1 0
github.com/GrayCodeAI/iterate/cmd/iterate/config.go:45.49,45.67 1 0
github.com/GrayCodeAI/iterate/cmd/iterate/config.go:46.49,46.64 1 0
github.com/GrayCodeAI/iterate/cmd/iterate/config.go:47.49,47.72 1 0
github.com/GrayCodeAI/iterate/cmd/iterate/config.go:48.49,48.70 1 0
github.com/GrayCodeAI/iterate/cmd/iterate/config.go:49.49,49.68 1 0
github.com/GrayCodeAI/iterate/cmd/iterate/config.go:50.49,50.71 1 0
github.com/GrayCodeAI/iterate/cmd/iterate/config.go:51.49,51.72 1 0
github.com/GrayCodeAI/iterate/cmd/iterate/config.go:53.26,56.2 2 2
github.com/GrayCodeAI/iterate/cmd/iterate/config.go:59.29,60.52 1 3
github.com/GrayCodeAI/iterate/cmd/iterate/config.go:60.52,62.3 1 1
github.com/GrayCodeAI/iterate/cmd/iterate/config.go:63.2,64.65 2 2
github.com/GrayCodeAI/iterate/cmd/iterate/config.go:68.30,69.52 1 6
github.com/GrayCodeAI/iterate/cmd/iterate/config.go:69.52,71.3 1 4
github.com/GrayCodeAI/iterate/cmd/iterate/config.go:72.2,73.65 2 2
github.com/GrayCodeAI/iterate/cmd/iterate/config.go:76.30,80.60 2 4
github.com/GrayCodeAI/iterate/cmd/iterate/config.go:80.60,81.52 1 3
github.com/GrayCodeAI/iterate/cmd/iterate/config.go:81.52,83.4 1 0
github.com/GrayCodeAI/iterate/cmd/iterate/config.go:84.8,86.64 1 1
github.com/GrayCodeAI/iterate/cmd/iterate/config.go:86.64,88.18 2 2
github.com/GrayCodeAI/iterate/cmd/iterate/config.go:88.18,89.13 1 1
github.com/GrayCodeAI/iterate/cmd/iterate/config.go:91.4,91.41 1 1
github.com/GrayCodeAI/iterate/cmd/iterate/config.go:91.41,92.10 1 1
github.com/GrayCodeAI/iterate/cmd/iterate/config.go:98.2,99.12 2 4
github.com/GrayCodeAI/iterate/cmd/iterate/config.go:103.41,104.49 1 24
github.com/GrayCodeAI/iterate/cmd/iterate/config.go:104.49,106.3 1 1
github.com/GrayCodeAI/iterate/cmd/iterate/config.go:107.2,107.46 1 24
github.com/GrayCodeAI/iterate/cmd/iterate/config.go:107.46,109.3 1 2
github.com/GrayCodeAI/iterate/cmd/iterate/config.go:110.2,110.46 1 24
github.com/GrayCodeAI/iterate/cmd/iterate/config.go:110.46,112.3 1 1
github.com/GrayCodeAI/iterate/cmd/iterate/config.go:113.2,113.55 1 24
github.com/GrayCodeAI/iterate/cmd/iterate/config.go:113.55,115.3 1 1
github.com/GrayCodeAI/iterate/cmd/iterate/config.go:116.2,116.52 1 24
github.com/GrayCodeAI/iterate/cmd/iterate/config.go:116.52,117.54 1 2
github.com/GrayCodeAI/iterate/cmd/iterate/config.go:117.54,119.4 1 1
github.com/GrayCodeAI/iterate/cmd/iterate/config.go:121.2,121.51 1 24
github.com/GrayCodeAI/iterate/cmd/iterate/config.go:121.51,122.44 1 2
github.com/GrayCodeAI/iterate/cmd/iterate/config.go:122.44,124.4 1 1
github.com/GrayCodeAI/iterate/cmd/iterate/config.go:126.2,126.50 1 24
github.com/GrayCodeAI/iterate/cmd/iterate/config.go:126.50,128.3 1 6
github.com/GrayCodeAI/iterate/cmd/iterate/config.go:129.2,129.54 1 24
github.com/GrayCodeAI/iterate/cmd/iterate/config.go:129.54,131.3 1 4
github.com/GrayCodeAI/iterate/cmd/iterate/config.go:134.33,142.38 5 0
github.com/GrayCodeAI/iterate/cmd/iterate/config.go:142.38,144.68 1 0
github.com/GrayCodeAI/iterate/cmd/iterate/config.go:144.68,146.4 1 0
github.com/GrayCodeAI/iterate/cmd/iterate/config.go:147.3,148.59 2 0
github.com/GrayCodeAI/iterate/cmd/iterate/config.go:148.59,149.72 1 0
github.com/GrayCodeAI/iterate/cmd/iterate/config.go:149.72,151.5 1 0
github.com/GrayCodeAI/iterate/cmd/iterate/config.go:152.4,152.10 1 0
github.com/GrayCodeAI/iterate/cmd/iterate/config.go:156.2,156.67 1 0
github.com/GrayCodeAI/iterate/cmd/iterate/config.go:156.67,158.3 1 0
github.com/GrayCodeAI/iterate/cmd/iterate/config.go:159.2,160.63 2 0
github.com/GrayCodeAI/iterate/cmd/iterate/config.go:160.63,162.3 1 0
github.com/GrayCodeAI/iterate/cmd/iterate/config.go:171.43,175.2 2 22
github.com/GrayCodeAI/iterate/cmd/iterate/config.go:179.77,180.37 1 6
github.com/GrayCodeAI/iterate/cmd/iterate/config.go:180.37,181.78 1 4
github.com/GrayCodeAI/iterate/cmd/iterate/config.go:181.78,183.4 1 2
github.com/GrayCodeAI/iterate/cmd/iterate/config.go:185.3,185.45 1 2
github.com/GrayCodeAI/iterate/cmd/iterate/config.go:185.45,186.26 1 6
github.com/GrayCodeAI/iterate/cmd/iterate/config.go:186.26,188.5 1 1
github.com/GrayCodeAI/iterate/cmd/iterate/config.go:191.2,191.38 1 3
github.com/GrayCodeAI/iterate/cmd/iterate/config.go:191.38,192.24 1 2
github.com/GrayCodeAI/iterate/cmd/iterate/config.go:192.24,194.4 1 0
github.com/GrayCodeAI/iterate/cmd/iterate/config.go:195.3,195.45 1 2
github.com/GrayCodeAI/iterate/cmd/iterate/config.go:195.45,196.26 1 2
github.com/GrayCodeAI/iterate/cmd/iterate/config.go:196.26,198.5 1 2
github.com/GrayCodeAI/iterate/cmd/iterate/config.go:201.2,201.21 1 1
github.com/GrayCodeAI/iterate/cmd/iterate/config.go:206.43,211.32 5 10
github.com/GrayCodeAI/iterate/cmd/iterate/config.go:211.32,213.46 2 118
github.com/GrayCodeAI/iterate/cmd/iterate/config.go:213.46,216.12 3 0
github.com/GrayCodeAI/iterate/cmd/iterate/config.go:218.3,218.42 1 118
github.com/GrayCodeAI/iterate/cmd/iterate/config.go:218.42,221.12 3 2
github.com/GrayCodeAI/iterate/cmd/iterate/config.go:223.3,223.32 1 116
github.com/GrayCodeAI/iterate/cmd/iterate/config.go:223.32,226.12 3 2
github.com/GrayCodeAI/iterate/cmd/iterate/config.go:228.3,228.27 1 114
github.com/GrayCodeAI/iterate/cmd/iterate/config.go:228.27,229.20 1 19
github.com/GrayCodeAI/iterate/cmd/iterate/config.go:229.20,232.5 2 13
github.com/GrayCodeAI/iterate/cmd/iterate/config.go:233.4,233.12 1 19
github.com/GrayCodeAI/iterate/cmd/iterate/config.go:235.3,235.23 1 95
github.com/GrayCodeAI/iterate/cmd/iterate/config.go:237.2,237.18 1 10
github.com/GrayCodeAI/iterate/cmd/iterate/config.go:237.18,239.3 1 8
github.com/GrayCodeAI/iterate/cmd/iterate/config.go:240.2,240.14 1 10
github.com/GrayCodeAI/iterate/cmd/iterate/config.go:251.72,253.16 2 10
github.com/GrayCodeAI/iterate/cmd/iterate/config.go:253.16,255.3 1 0
github.com/GrayCodeAI/iterate/cmd/iterate/config.go:257.2,257.33 1 10
github.com/GrayCodeAI/iterate/cmd/iterate/config.go:257.33,259.17 2 5
github.com/GrayCodeAI/iterate/cmd/iterate/config.go:259.17,260.12 1 0
github.com/GrayCodeAI/iterate/cmd/iterate/config.go:262.3,263.50 2 5
github.com/GrayCodeAI/iterate/cmd/iterate/config.go:263.50,265.4 1 3
github.com/GrayCodeAI/iterate/cmd/iterate/config.go:268.2,268.28 1 7
github.com/GrayCodeAI/iterate/cmd/iterate/config.go:268.28,269.35 1 3
github.com/GrayCodeAI/iterate/cmd/iterate/config.go:269.35,271.18 2 3
github.com/GrayCodeAI/iterate/cmd/iterate/config.go:271.18,272.13 1 0
github.com/GrayCodeAI/iterate/cmd/iterate/config.go:274.4,275.51 2 3
github.com/GrayCodeAI/iterate/cmd/iterate/config.go:275.51,277.5 1 2
github.com/GrayCodeAI/iterate/cmd/iterate/config.go:279.3,279.14 1 1
github.com/GrayCodeAI/iterate/cmd/iterate/config.go:281.2,281.14 1 4
github.com/GrayCodeAI/iterate/cmd/iterate/config.go:296.58,299.30 3 18
github.com/GrayCodeAI/iterate/cmd/iterate/config.go:299.30,300.16 1 48
github.com/GrayCodeAI/iterate/cmd/iterate/config.go:300.16,302.4 1 1
github.com/GrayCodeAI/iterate/cmd/iterate/config.go:304.2,304.37 1 17
github.com/GrayCodeAI/iterate/cmd/iterate/config.go:307.57,310.29 3 16
github.com/GrayCodeAI/iterate/cmd/iterate/config.go:310.29,311.16 1 47
github.com/GrayCodeAI/iterate/cmd/iterate/config.go:311.16,313.4 1 1
github.com/GrayCodeAI/iterate/cmd/iterate/config.go:315.2,315.35 1 15
github.com/GrayCodeAI/iterate/cmd/iterate/config.go:318.49,321.47 3 4
github.com/GrayCodeAI/iterate/cmd/iterate/config.go:321.47,323.3 1 1
github.com/GrayCodeAI/iterate/cmd/iterate/config.go:324.2,325.30 2 3
github.com/GrayCodeAI/iterate/cmd/iterate/config.go:325.30,327.3 1 2
github.com/GrayCodeAI/iterate/cmd/iterate/config.go:328.2,328.29 1 3
github.com/GrayCodeAI/iterate/cmd/iterate/config.go:328.29,330.3 1 2
github.com/GrayCodeAI/iterate/cmd/iterate/config.go:331.2,331.34 1 3
github.com/GrayCodeAI/iterate/cmd/iterate/config.go:342.51,347.2 4 13
github.com/GrayCodeAI/iterate/cmd/iterate/config.go:349.48,353.2 3 14
github.com/GrayCodeAI/iterate/cmd/iterate/config.go:355.44,359.38 4 2
github.com/GrayCodeAI/iterate/cmd/iterate/config.go:359.38,361.3 1 23
github.com/GrayCodeAI/iterate/cmd/iterate/config.go:362.2,362.11 1 2
github.com/GrayCodeAI/iterate/cmd/iterate/config.go:365.33,369.2 3 2
github.com/GrayCodeAI/iterate/cmd/iterate/features.go:21.56,23.29 2 4
github.com/GrayCodeAI/iterate/cmd/iterate/features.go:23.29,25.3 1 4
github.com/GrayCodeAI/iterate/cmd/iterate/features.go:26.2,28.14 3 4
github.com/GrayCodeAI/iterate/cmd/iterate/features.go:28.14,30.3 1 0
github.com/GrayCodeAI/iterate/cmd/iterate/features.go:31.2,33.36 2 4
github.com/GrayCodeAI/iterate/cmd/iterate/features.go:42.74,46.29 4 2
github.com/GrayCodeAI/iterate/cmd/iterate/features.go:46.29,49.3 2 2
github.com/GrayCodeAI/iterate/cmd/iterate/features.go:50.2,50.54 1 2
github.com/GrayCodeAI/iterate/cmd/iterate/features.go:57.42,59.83 2 5
github.com/GrayCodeAI/iterate/cmd/iterate/features.go:59.83,60.30 1 10
github.com/GrayCodeAI/iterate/cmd/iterate/features.go:60.30,61.29 1 6
github.com/GrayCodeAI/iterate/cmd/iterate/features.go:61.29,63.83 2 6
github.com/GrayCodeAI/iterate/cmd/iterate/features.go:63.83,65.6 1 1
github.com/GrayCodeAI/iterate/cmd/iterate/features.go:67.4,67.14 1 5
github.com/GrayCodeAI/iterate/cmd/iterate/features.go:69.3,70.99 2 4
github.com/GrayCodeAI/iterate/cmd/iterate/features.go:70.99,72.4 1 1
github.com/GrayCodeAI/iterate/cmd/iterate/features.go:73.3,74.17 2 3
github.com/GrayCodeAI/iterate/cmd/iterate/features.go:74.17,76.4 1 0
github.com/GrayCodeAI/iterate/cmd/iterate/features.go:77.3,80.17 4 3
github.com/GrayCodeAI/iterate/cmd/iterate/features.go:80.17,84.110 4 6
github.com/GrayCodeAI/iterate/cmd/iterate/features.go:84.110,87.5 2 3
github.com/GrayCodeAI/iterate/cmd/iterate/features.go:89.3,90.13 2 3
github.com/GrayCodeAI/iterate/cmd/iterate/features.go:92.2,92.16 1 5
github.com/GrayCodeAI/iterate/cmd/iterate/features.go:99.68,101.86 2 3
github.com/GrayCodeAI/iterate/cmd/iterate/features.go:101.86,102.30 1 7
github.com/GrayCodeAI/iterate/cmd/iterate/features.go:102.30,103.29 1 3
github.com/GrayCodeAI/iterate/cmd/iterate/features.go:103.29,105.57 2 3
github.com/GrayCodeAI/iterate/cmd/iterate/features.go:105.57,107.6 1 0
github.com/GrayCodeAI/iterate/cmd/iterate/features.go:109.4,109.14 1 3
github.com/GrayCodeAI/iterate/cmd/iterate/features.go:111.3,112.86 2 4
github.com/GrayCodeAI/iterate/cmd/iterate/features.go:112.86,114.4 1 1
github.com/GrayCodeAI/iterate/cmd/iterate/features.go:115.3,116.17 2 3
github.com/GrayCodeAI/iterate/cmd/iterate/features.go:116.17,118.4 1 0
github.com/GrayCodeAI/iterate/cmd/iterate/features.go:119.3,119.47 1 3
github.com/GrayCodeAI/iterate/cmd/iterate/features.go:119.47,121.4 1 2
github.com/GrayCodeAI/iterate/cmd/iterate/features.go:122.3,123.68 2 1
github.com/GrayCodeAI/iterate/cmd/iterate/features.go:123.68,125.4 1 0
github.com/GrayCodeAI/iterate/cmd/iterate/features.go:126.3,129.13 4 1
github.com/GrayCodeAI/iterate/cmd/iterate/features.go:131.2,131.19 1 3
github.com/GrayCodeAI/iterate/cmd/iterate/features.go:138.50,142.16 4 4
github.com/GrayCodeAI/iterate/cmd/iterate/features.go:142.16,144.3 1 0
github.com/GrayCodeAI/iterate/cmd/iterate/features.go:145.2,152.12 5 4
github.com/GrayCodeAI/iterate/cmd/iterate/features.go:159.46,163.16 4 1
github.com/GrayCodeAI/iterate/cmd/iterate/features.go:163.16,165.3 1 0
github.com/GrayCodeAI/iterate/cmd/iterate/features.go:166.2,168.12 3 1
github.com/GrayCodeAI/iterate/cmd/iterate/features.go:175.82,176.31 1 7
github.com/GrayCodeAI/iterate/cmd/iterate/features.go:176.31,178.3 1 3
github.com/GrayCodeAI/iterate/cmd/iterate/features.go:180.2,181.23 2 4
github.com/GrayCodeAI/iterate/cmd/iterate/features.go:181.23,183.3 1 4
github.com/GrayCodeAI/iterate/cmd/iterate/features.go:184.2,186.12 3 4
github.com/GrayCodeAI/iterate/cmd/iterate/features.go:193.60,194.20 1 8
github.com/GrayCodeAI/iterate/cmd/iterate/features.go:194.20,196.3 1 2
github.com/GrayCodeAI/iterate/cmd/iterate/features.go:197.2,198.25 2 6
github.com/GrayCodeAI/iterate/cmd/iterate/features.go:198.25,200.24 2 8
github.com/GrayCodeAI/iterate/cmd/iterate/features.go:200.24,202.4 1 2
github.com/GrayCodeAI/iterate/cmd/iterate/features.go:203.3,203.76 1 8
github.com/GrayCodeAI/iterate/cmd/iterate/features.go:205.2,205.34 1 6
github.com/GrayCodeAI/iterate/cmd/iterate/features.go:212.57,222.35 3 3
github.com/GrayCodeAI/iterate/cmd/iterate/features.go:222.35,224.42 2 18
github.com/GrayCodeAI/iterate/cmd/iterate/features.go:224.42,225.12 1 1
github.com/GrayCodeAI/iterate/cmd/iterate/features.go:227.3,228.68 2 17
github.com/GrayCodeAI/iterate/cmd/iterate/features.go:228.68,230.4 1 17
github.com/GrayCodeAI/iterate/cmd/iterate/features.go:232.2,232.16 1 3
github.com/GrayCodeAI/iterate/cmd/iterate/features_mcp.go:13.30,16.2 2 7
github.com/GrayCodeAI/iterate/cmd/iterate/features_mcp.go:19.49,21.16 2 3
github.com/GrayCodeAI/iterate/cmd/iterate/features_mcp.go:21.16,23.3 1 2
github.com/GrayCodeAI/iterate/cmd/iterate/features_mcp.go:24.2,25.55 2 1
github.com/GrayCodeAI/iterate/cmd/iterate/features_mcp.go:25.55,27.3 1 0
github.com/GrayCodeAI/iterate/cmd/iterate/features_mcp.go:28.2,28.16 1 1
github.com/GrayCodeAI/iterate/cmd/iterate/features_mcp.go:32.56,33.75 1 2
github.com/GrayCodeAI/iterate/cmd/iterate/features_mcp.go:33.75,35.3 1 0
github.com/GrayCodeAI/iterate/cmd/iterate/features_mcp.go:36.2,37.16 2 2
github.com/GrayCodeAI/iterate/cmd/iterate/features_mcp.go:37.16,39.3 1 0
github.com/GrayCodeAI/iterate/cmd/iterate/features_mcp.go:40.2,40.49 1 2
github.com/GrayCodeAI/iterate/cmd/iterate/features_mcp.go:54.45,57.16 3 4
github.com/GrayCodeAI/iterate/cmd/iterate/features_mcp.go:57.16,59.3 1 1
github.com/GrayCodeAI/iterate/cmd/iterate/features_mcp.go:62.2,63.58 2 3
github.com/GrayCodeAI/iterate/cmd/iterate/features_mcp.go:63.58,68.58 2 1
github.com/GrayCodeAI/iterate/cmd/iterate/features_mcp.go:68.58,71.4 2 0
github.com/GrayCodeAI/iterate/cmd/iterate/features_mcp.go:72.3,72.31 1 1
github.com/GrayCodeAI/iterate/cmd/iterate/features_mcp.go:75.2,75.26 1 3
github.com/GrayCodeAI/iterate/cmd/iterate/features_mcp.go:75.26,77.3 1 0
github.com/GrayCodeAI/iterate/cmd/iterate/features_mcp.go:79.2,81.29 3 3
github.com/GrayCodeAI/iterate/cmd/iterate/features_mcp.go:81.29,83.3 1 2
github.com/GrayCodeAI/iterate/cmd/iterate/features_mcp.go:85.2,86.31 2 3
github.com/GrayCodeAI/iterate/cmd/iterate/features_mcp.go:86.31,87.44 1 5
github.com/GrayCodeAI/iterate/cmd/iterate/features_mcp.go:87.44,88.12 1 2
github.com/GrayCodeAI/iterate/cmd/iterate/features_mcp.go:90.3,97.10 3 3
github.com/GrayCodeAI/iterate/cmd/iterate/features_mcp.go:100.2,100.15 1 3
github.com/GrayCodeAI/iterate/cmd/iterate/features_mcp.go:100.15,102.3 1 2
github.com/GrayCodeAI/iterate/cmd/iterate/features_mcp.go:103.2,103.14 1 3
github.com/GrayCodeAI/iterate/cmd/iterate/features_prompts.go:20.45,23.83 3 16
github.com/GrayCodeAI/iterate/cmd/iterate/features_prompts.go:23.83,24.33 1 184
github.com/GrayCodeAI/iterate/cmd/iterate/features_prompts.go:24.33,26.4 1 0
github.com/GrayCodeAI/iterate/cmd/iterate/features_prompts.go:27.3,28.17 2 184
github.com/GrayCodeAI/iterate/cmd/iterate/features_prompts.go:28.17,30.4 1 16
github.com/GrayCodeAI/iterate/cmd/iterate/features_prompts.go:32.3,33.27 2 168
github.com/GrayCodeAI/iterate/cmd/iterate/features_prompts.go:33.27,35.73 1 192
github.com/GrayCodeAI/iterate/cmd/iterate/features_prompts.go:35.73,36.18 1 2
github.com/GrayCodeAI/iterate/cmd/iterate/features_prompts.go:36.18,38.6 1 2
github.com/GrayCodeAI/iterate/cmd/iterate/features_prompts.go:39.5,39.15 1 0
github.com/GrayCodeAI/iterate/cmd/iterate/features_prompts.go:42.3,42.21 1 166
github.com/GrayCodeAI/iterate/cmd/iterate/features_prompts.go:42.21,44.4 1 2
github.com/GrayCodeAI/iterate/cmd/iterate/features_prompts.go:45.3,46.16 2 164
github.com/GrayCodeAI/iterate/cmd/iterate/features_prompts.go:46.16,48.4 1 13
github.com/GrayCodeAI/iterate/cmd/iterate/features_prompts.go:48.9,51.4 2 151
github.com/GrayCodeAI/iterate/cmd/iterate/features_prompts.go:52.3,52.13 1 164
github.com/GrayCodeAI/iterate/cmd/iterate/features_prompts.go:54.2,54.34 1 16
github.com/GrayCodeAI/iterate/cmd/iterate/features_prompts.go:61.44,65.2 1 3
github.com/GrayCodeAI/iterate/cmd/iterate/features_prompts.go:67.53,71.2 1 3
github.com/GrayCodeAI/iterate/cmd/iterate/features_prompts.go:77.49,84.2 2 2
github.com/GrayCodeAI/iterate/cmd/iterate/features_prompts.go:90.46,95.2 1 2
github.com/GrayCodeAI/iterate/cmd/iterate/features_prompts.go:101.48,104.30 3 1
github.com/GrayCodeAI/iterate/cmd/iterate/features_prompts.go:104.30,107.3 2 0
github.com/GrayCodeAI/iterate/cmd/iterate/features_prompts.go:108.2,110.16 2 1
github.com/GrayCodeAI/iterate/cmd/iterate/features_prompts.go:110.16,111.23 1 1
github.com/GrayCodeAI/iterate/cmd/iterate/features_prompts.go:111.23,113.4 1 0
github.com/GrayCodeAI/iterate/cmd/iterate/features_prompts.go:114.3,114.45 1 1
github.com/GrayCodeAI/iterate/cmd/iterate/features_prompts.go:116.2,116.86 1 0
github.com/GrayCodeAI/iterate/cmd/iterate/features_prompts.go:123.65,125.17 2 1
github.com/GrayCodeAI/iterate/cmd/iterate/features_prompts.go:125.17,127.3 1 0
github.com/GrayCodeAI/iterate/cmd/iterate/features_prompts.go:127.8,129.3 1 1
github.com/GrayCodeAI/iterate/cmd/iterate/features_prompts.go:130.2,132.15 3 1
github.com/GrayCodeAI/iterate/cmd/iterate/features_prompts.go:132.15,134.3 1 1
github.com/GrayCodeAI/iterate/cmd/iterate/features_prompts.go:135.2,137.83 1 0
github.com/GrayCodeAI/iterate/cmd/iterate/features_prompts.go:144.64,145.24 1 5
github.com/GrayCodeAI/iterate/cmd/iterate/features_prompts.go:145.24,147.3 1 3
github.com/GrayCodeAI/iterate/cmd/iterate/features_prompts.go:148.2,151.52 1 2
github.com/GrayCodeAI/iterate/cmd/iterate/features_prompts.go:158.48,165.23 4 3
github.com/GrayCodeAI/iterate/cmd/iterate/features_prompts.go:165.23,167.3 1 1
github.com/GrayCodeAI/iterate/cmd/iterate/features_prompts.go:168.2,168.13 1 3
github.com/GrayCodeAI/iterate/cmd/iterate/features_prompts.go:175.56,177.47 2 2
github.com/GrayCodeAI/iterate/cmd/iterate/features_prompts.go:177.47,179.3 1 2
github.com/GrayCodeAI/iterate/cmd/iterate/features_prompts.go:180.2,181.13 2 2
github.com/GrayCodeAI/iterate/cmd/iterate/features_prompts.go:181.13,183.3 1 1
github.com/GrayCodeAI/iterate/cmd/iterate/features_prompts.go:184.2,184.19 1 1
github.com/GrayCodeAI/iterate/cmd/iterate/features_prompts.go:184.19,186.3 1 0
github.com/GrayCodeAI/iterate/cmd/iterate/features_prompts.go:187.2,190.123 1 1
github.com/GrayCodeAI/iterate/cmd/iterate/features_prompts.go:197.58,199.16 2 1
github.com/GrayCodeAI/iterate/cmd/iterate/features_prompts.go:199.16,201.3 1 0
github.com/GrayCodeAI/iterate/cmd/iterate/features_prompts.go:201.8,203.3 1 1
github.com/GrayCodeAI/iterate/cmd/iterate/features_prompts.go:204.2,206.15 3 1
github.com/GrayCodeAI/iterate/cmd/iterate/features_prompts.go:206.15,208.3 1 1
github.com/GrayCodeAI/iterate/cmd/iterate/features_prompts.go:209.2,211.146 1 0
github.com/GrayCodeAI/iterate/cmd/iterate/features_sessions.go:30.21,34.2 3 2
github.com/GrayCodeAI/iterate/cmd/iterate/features_sessions.go:36.76,37.24 1 5
github.com/GrayCodeAI/iterate/cmd/iterate/features_sessions.go:37.24,39.3 1 4
github.com/GrayCodeAI/iterate/cmd/iterate/features_sessions.go:40.2,41.16 2 1
github.com/GrayCodeAI/iterate/cmd/iterate/features_sessions.go:41.16,43.3 1 0
github.com/GrayCodeAI/iterate/cmd/iterate/features_sessions.go:44.2,47.24 3 1
github.com/GrayCodeAI/iterate/cmd/iterate/features_sessions.go:47.24,49.3 1 0
github.com/GrayCodeAI/iterate/cmd/iterate/features_sessions.go:50.2,60.16 4 1
github.com/GrayCodeAI/iterate/cmd/iterate/features_sessions.go:60.16,62.3 1 0
github.com/GrayCodeAI/iterate/cmd/iterate/features_sessions.go:63.2,64.23 2 1
github.com/GrayCodeAI/iterate/cmd/iterate/features_sessions.go:71.27,74.2 2 18
github.com/GrayCodeAI/iterate/cmd/iterate/features_sessions.go:76.67,78.48 2 8
github.com/GrayCodeAI/iterate/cmd/iterate/features_sessions.go:78.48,80.3 1 0
github.com/GrayCodeAI/iterate/cmd/iterate/features_sessions.go:81.2,83.16 3 8
github.com/GrayCodeAI/iterate/cmd/iterate/features_sessions.go:83.16,85.3 1 0
github.com/GrayCodeAI/iterate/cmd/iterate/features_sessions.go:87.2,87.52 1 8
github.com/GrayCodeAI/iterate/cmd/iterate/features_sessions.go:87.52,89.3 1 6
github.com/GrayCodeAI/iterate/cmd/iterate/features_sessions.go:90.2,90.43 1 8
github.com/GrayCodeAI/iterate/cmd/iterate/features_sessions.go:93.60,96.16 3 6
github.com/GrayCodeAI/iterate/cmd/iterate/features_sessions.go:96.16,98.3 1 1
github.com/GrayCodeAI/iterate/cmd/iterate/features_sessions.go:99.2,100.52 2 5
github.com/GrayCodeAI/iterate/cmd/iterate/features_sessions.go:100.52,102.67 1 1
github.com/GrayCodeAI/iterate/cmd/iterate/features_sessions.go:102.67,104.48 2 1
github.com/GrayCodeAI/iterate/cmd/iterate/features_sessions.go:104.48,106.5 1 1
github.com/GrayCodeAI/iterate/cmd/iterate/features_sessions.go:108.3,108.58 1 0
github.com/GrayCodeAI/iterate/cmd/iterate/features_sessions.go:111.2,111.25 1 4
github.com/GrayCodeAI/iterate/cmd/iterate/features_sessions.go:111.25,112.19 1 10
github.com/GrayCodeAI/iterate/cmd/iterate/features_sessions.go:112.19,114.4 1 1
github.com/GrayCodeAI/iterate/cmd/iterate/features_sessions.go:116.2,116.18 1 3
github.com/GrayCodeAI/iterate/cmd/iterate/features_sessions.go:119.30,122.28 3 2
github.com/GrayCodeAI/iterate/cmd/iterate/features_sessions.go:122.28,123.57 1 24
github.com/GrayCodeAI/iterate/cmd/iterate/features_sessions.go:123.57,125.4 1 12
github.com/GrayCodeAI/iterate/cmd/iterate/features_sessions.go:127.2,127.14 1 2
github.com/GrayCodeAI/iterate/cmd/iterate/features_sessions.go:140.29,143.2 2 14
github.com/GrayCodeAI/iterate/cmd/iterate/features_sessions.go:145.33,147.16 2 8
github.com/GrayCodeAI/iterate/cmd/iterate/features_sessions.go:147.16,149.3 1 0
github.com/GrayCodeAI/iterate/cmd/iterate/features_sessions.go:150.2,151.51 2 8
github.com/GrayCodeAI/iterate/cmd/iterate/features_sessions.go:151.51,154.3 2 1
github.com/GrayCodeAI/iterate/cmd/iterate/features_sessions.go:155.2,155.12 1 7
github.com/GrayCodeAI/iterate/cmd/iterate/features_sessions.go:158.36,160.70 2 4
github.com/GrayCodeAI/iterate/cmd/iterate/features_sessions.go:160.70,162.3 1 0
github.com/GrayCodeAI/iterate/cmd/iterate/features_sessions.go:165.61,168.24 2 3
github.com/GrayCodeAI/iterate/cmd/iterate/features_sessions.go:168.24,169.21 1 6
github.com/GrayCodeAI/iterate/cmd/iterate/features_sessions.go:169.21,173.4 3 1
github.com/GrayCodeAI/iterate/cmd/iterate/features_sessions.go:175.2,176.20 2 2
github.com/GrayCodeAI/iterate/cmd/iterate/features_sessions.go:184.23,184.43 1 5
github.com/GrayCodeAI/iterate/cmd/iterate/features_sessions.go:185.23,185.42 1 8
github.com/GrayCodeAI/iterate/cmd/iterate/features_sessions.go:187.28,189.2 1 3
github.com/GrayCodeAI/iterate/cmd/iterate/features_sessions.go:195.20,196.23 1 2
github.com/GrayCodeAI/iterate/cmd/iterate/features_sessions.go:196.23,198.3 1 1
github.com/GrayCodeAI/iterate/cmd/iterate/features_shell.go:19.57,28.18 7 2
github.com/GrayCodeAI/iterate/cmd/iterate/features_shell.go:28.18,30.3 1 1
github.com/GrayCodeAI/iterate/cmd/iterate/features_shell.go:31.2,32.67 2 1
github.com/GrayCodeAI/iterate/cmd/iterate/features_shell.go:32.67,34.3 1 1
github.com/GrayCodeAI/iterate/cmd/iterate/features_shell.go:35.2,35.39 1 1
github.com/GrayCodeAI/iterate/cmd/iterate/features_shell.go:38.38,41.2 2 4
github.com/GrayCodeAI/iterate/cmd/iterate/features_shell.go:47.48,54.29 4 2
github.com/GrayCodeAI/iterate/cmd/iterate/features_shell.go:54.29,56.3 1 3
github.com/GrayCodeAI/iterate/cmd/iterate/features_shell.go:57.2,57.42 1 2
github.com/GrayCodeAI/iterate/cmd/iterate/features_shell.go:57.42,59.3 1 2
github.com/GrayCodeAI/iterate/cmd/iterate/features_shell.go:60.2,61.28 2 2
github.com/GrayCodeAI/iterate/cmd/iterate/features_shell.go:61.28,63.3 1 3
github.com/GrayCodeAI/iterate/cmd/iterate/features_shell.go:64.2,65.28 2 2
github.com/GrayCodeAI/iterate/cmd/iterate/features_shell.go:65.28,66.19 1 3
github.com/GrayCodeAI/iterate/cmd/iterate/features_shell.go:66.19,67.12 1 2
github.com/GrayCodeAI/iterate/cmd/iterate/features_shell.go:69.3,71.88 3 1
github.com/GrayCodeAI/iterate/cmd/iterate/features_shell.go:73.2,73.77 1 2
github.com/GrayCodeAI/iterate/cmd/iterate/features_shell.go:80.49,82.83 2 3
github.com/GrayCodeAI/iterate/cmd/iterate/features_shell.go:82.83,83.30 1 10
github.com/GrayCodeAI/iterate/cmd/iterate/features_shell.go:83.30,84.29 1 3
github.com/GrayCodeAI/iterate/cmd/iterate/features_shell.go:84.29,86.83 2 3
github.com/GrayCodeAI/iterate/cmd/iterate/features_shell.go:86.83,88.6 1 0
github.com/GrayCodeAI/iterate/cmd/iterate/features_shell.go:90.4,90.14 1 3
github.com/GrayCodeAI/iterate/cmd/iterate/features_shell.go:92.3,93.16 2 7
github.com/GrayCodeAI/iterate/cmd/iterate/features_shell.go:93.16,95.4 1 0
github.com/GrayCodeAI/iterate/cmd/iterate/features_shell.go:96.3,97.17 2 7
github.com/GrayCodeAI/iterate/cmd/iterate/features_shell.go:97.17,99.4 1 0
github.com/GrayCodeAI/iterate/cmd/iterate/features_shell.go:100.3,104.22 5 7
github.com/GrayCodeAI/iterate/cmd/iterate/features_shell.go:104.22,106.4 1 22
github.com/GrayCodeAI/iterate/cmd/iterate/features_shell.go:107.3,108.13 2 7
github.com/GrayCodeAI/iterate/cmd/iterate/features_shell.go:110.2,110.15 1 3
github.com/GrayCodeAI/iterate/cmd/iterate/features_tools.go:33.13,36.2 1 1
github.com/GrayCodeAI/iterate/cmd/iterate/features_tools.go:40.27,45.9 5 0
github.com/GrayCodeAI/iterate/cmd/iterate/features_tools.go:46.13,46.13 0 0
github.com/GrayCodeAI/iterate/cmd/iterate/features_tools.go:47.10,48.13 1 0
github.com/GrayCodeAI/iterate/cmd/iterate/features_tools.go:54.23,58.9 4 0
github.com/GrayCodeAI/iterate/cmd/iterate/features_tools.go:59.12,59.12 0 0
github.com/GrayCodeAI/iterate/cmd/iterate/features_tools.go:60.44,60.44 0 0
github.com/GrayCodeAI/iterate/cmd/iterate/features_tools.go:77.33,81.2 3 59
github.com/GrayCodeAI/iterate/cmd/iterate/features_tools.go:83.28,87.2 3 55
github.com/GrayCodeAI/iterate/cmd/iterate/features_tools.go:89.29,93.2 3 6
github.com/GrayCodeAI/iterate/cmd/iterate/features_tools.go:95.31,99.29 4 2
github.com/GrayCodeAI/iterate/cmd/iterate/features_tools.go:99.29,101.3 1 9
github.com/GrayCodeAI/iterate/cmd/iterate/features_tools.go:102.2,102.12 1 2
github.com/GrayCodeAI/iterate/cmd/iterate/features_tools.go:129.23,133.2 3 2
github.com/GrayCodeAI/iterate/cmd/iterate/features_tools.go:136.24,139.27 3 2
github.com/GrayCodeAI/iterate/cmd/iterate/features_tools.go:139.27,142.3 2 2
github.com/GrayCodeAI/iterate/cmd/iterate/features_tools.go:147.39,151.33 3 4
github.com/GrayCodeAI/iterate/cmd/iterate/features_tools.go:151.33,152.21 1 1
github.com/GrayCodeAI/iterate/cmd/iterate/features_tools.go:152.21,154.4 1 0
github.com/GrayCodeAI/iterate/cmd/iterate/features_tools.go:156.2,157.24 2 4
github.com/GrayCodeAI/iterate/cmd/iterate/features_tools.go:157.24,159.3 1 3
github.com/GrayCodeAI/iterate/cmd/iterate/features_tools.go:159.8,159.23 1 1
github.com/GrayCodeAI/iterate/cmd/iterate/features_tools.go:159.23,161.3 1 1
github.com/GrayCodeAI/iterate/cmd/iterate/features_tools.go:166.38,169.25 3 3
github.com/GrayCodeAI/iterate/cmd/iterate/features_tools.go:169.25,171.3 1 1
github.com/GrayCodeAI/iterate/cmd/iterate/features_tools.go:172.2,177.29 5 2
github.com/GrayCodeAI/iterate/cmd/iterate/features_tools.go:177.29,178.26 1 2
github.com/GrayCodeAI/iterate/cmd/iterate/features_tools.go:178.26,180.70 1 1
github.com/GrayCodeAI/iterate/cmd/iterate/features_tools.go:180.70,182.13 2 0
github.com/GrayCodeAI/iterate/cmd/iterate/features_tools.go:184.9,185.70 1 1
github.com/GrayCodeAI/iterate/cmd/iterate/features_tools.go:185.70,187.13 2 0
github.com/GrayCodeAI/iterate/cmd/iterate/features_tools.go:189.4,189.71 1 1
github.com/GrayCodeAI/iterate/cmd/iterate/features_tools.go:189.71,191.13 2 0
github.com/GrayCodeAI/iterate/cmd/iterate/features_tools.go:194.3,194.41 1 2
github.com/GrayCodeAI/iterate/cmd/iterate/features_tools.go:196.2,196.19 1 2
github.com/GrayCodeAI/iterate/cmd/iterate/features_tools.go:196.19,198.3 1 0
github.com/GrayCodeAI/iterate/cmd/iterate/features_tools.go:199.2,199.22 1 2
github.com/GrayCodeAI/iterate/cmd/iterate/features_tools.go:204.72,207.26 3 3
github.com/GrayCodeAI/iterate/cmd/iterate/features_tools.go:207.26,210.86 3 3
github.com/GrayCodeAI/iterate/cmd/iterate/features_tools.go:210.86,214.82 2 3
github.com/GrayCodeAI/iterate/cmd/iterate/features_tools.go:214.82,215.53 1 2
github.com/GrayCodeAI/iterate/cmd/iterate/features_tools.go:215.53,217.6 1 2
github.com/GrayCodeAI/iterate/cmd/iterate/features_tools.go:220.4,220.73 1 3
github.com/GrayCodeAI/iterate/cmd/iterate/features_tools.go:220.73,223.5 2 1
github.com/GrayCodeAI/iterate/cmd/iterate/features_tools.go:225.4,225.40 1 2
github.com/GrayCodeAI/iterate/cmd/iterate/features_tools.go:225.40,226.87 1 0
github.com/GrayCodeAI/iterate/cmd/iterate/features_tools.go:226.87,228.6 1 0
github.com/GrayCodeAI/iterate/cmd/iterate/features_tools.go:231.4,233.22 3 2
github.com/GrayCodeAI/iterate/cmd/iterate/features_tools.go:235.3,235.13 1 3
github.com/GrayCodeAI/iterate/cmd/iterate/features_tools.go:237.2,237.12 1 3
github.com/GrayCodeAI/iterate/cmd/iterate/features_tools.go:240.72,241.30 1 3
github.com/GrayCodeAI/iterate/cmd/iterate/features_tools.go:241.30,242.51 1 2
github.com/GrayCodeAI/iterate/cmd/iterate/features_tools.go:242.51,244.4 1 2
github.com/GrayCodeAI/iterate/cmd/iterate/features_tools.go:246.2,246.29 1 3
github.com/GrayCodeAI/iterate/cmd/iterate/features_tools.go:246.29,247.51 1 0
github.com/GrayCodeAI/iterate/cmd/iterate/features_tools.go:247.51,249.4 1 0
github.com/GrayCodeAI/iterate/cmd/iterate/features_tools.go:253.98,254.84 1 3
github.com/GrayCodeAI/iterate/cmd/iterate/features_tools.go:254.84,255.51 1 3
github.com/GrayCodeAI/iterate/cmd/iterate/features_tools.go:255.51,256.34 1 3
github.com/GrayCodeAI/iterate/cmd/iterate/features_tools.go:256.34,258.5 1 1
github.com/GrayCodeAI/iterate/cmd/iterate/features_tools.go:261.2,261.11 1 2
github.com/GrayCodeAI/iterate/cmd/iterate/features_tools.go:264.214,265.25 1 0
github.com/GrayCodeAI/iterate/cmd/iterate/features_tools.go:265.25,267.64 2 0
github.com/GrayCodeAI/iterate/cmd/iterate/features_tools.go:267.64,272.18 5 0
github.com/GrayCodeAI/iterate/cmd/iterate/features_tools.go:272.18,274.5 1 0
github.com/GrayCodeAI/iterate/cmd/iterate/features_tools.go:275.4,275.23 1 0
github.com/GrayCodeAI/iterate/cmd/iterate/features_tools.go:276.9,276.20 1 0
github.com/GrayCodeAI/iterate/cmd/iterate/features_tools.go:276.20,279.4 2 0
github.com/GrayCodeAI/iterate/cmd/iterate/features_tools.go:282.2,285.9 4 0
github.com/GrayCodeAI/iterate/cmd/iterate/features_tools.go:285.9,288.3 2 0
github.com/GrayCodeAI/iterate/cmd/iterate/features_tools.go:289.2,290.21 2 0
github.com/GrayCodeAI/iterate/cmd/iterate/features_tools.go:290.21,291.26 1 0
github.com/GrayCodeAI/iterate/cmd/iterate/features_tools.go:291.26,292.59 1 0
github.com/GrayCodeAI/iterate/cmd/iterate/features_tools.go:292.59,294.5 1 0
github.com/GrayCodeAI/iterate/cmd/iterate/features_tools.go:295.9,297.4 1 0
github.com/GrayCodeAI/iterate/cmd/iterate/features_tools.go:298.8,298.23 1 0
github.com/GrayCodeAI/iterate/cmd/iterate/features_tools.go:298.23,301.3 2 0
github.com/GrayCodeAI/iterate/cmd/iterate/features_tools.go:302.2,302.18 1 0
github.com/GrayCodeAI/iterate/cmd/iterate/features_tools.go:320.61,326.26 3 4
github.com/GrayCodeAI/iterate/cmd/iterate/features_tools.go:326.26,327.23 1 17
github.com/GrayCodeAI/iterate/cmd/iterate/features_tools.go:327.23,329.4 1 5
github.com/GrayCodeAI/iterate/cmd/iterate/features_tools.go:331.2,331.12 1 4
github.com/GrayCodeAI/iterate/cmd/iterate/features_tools.go:380.26,394.2 13 2
github.com/GrayCodeAI/iterate/cmd/iterate/features_tools.go:402.27,405.2 2 5
github.com/GrayCodeAI/iterate/cmd/iterate/features_tools.go:407.29,409.16 2 4
github.com/GrayCodeAI/iterate/cmd/iterate/features_tools.go:409.16,411.3 1 4
github.com/GrayCodeAI/iterate/cmd/iterate/features_tools.go:412.2,413.49 2 0
github.com/GrayCodeAI/iterate/cmd/iterate/features_tools.go:413.49,416.3 2 0
github.com/GrayCodeAI/iterate/cmd/iterate/features_tools.go:417.2,417.14 1 0
github.com/GrayCodeAI/iterate/cmd/iterate/features_tools.go:417.14,419.3 1 0
github.com/GrayCodeAI/iterate/cmd/iterate/features_tools.go:420.2,420.10 1 0
github.com/GrayCodeAI/iterate/cmd/iterate/features_tools.go:424.39,427.21 3 3
github.com/GrayCodeAI/iterate/cmd/iterate/features_tools.go:427.21,429.3 1 1
github.com/GrayCodeAI/iterate/cmd/iterate/features_tools.go:430.2,430.43 1 2
github.com/GrayCodeAI/iterate/cmd/iterate/features_tools.go:430.43,431.21 1 0
github.com/GrayCodeAI/iterate/cmd/iterate/features_tools.go:431.21,433.4 1 0
github.com/GrayCodeAI/iterate/cmd/iterate/features_tools.go:434.3,434.18 1 0
github.com/GrayCodeAI/iterate/cmd/iterate/features_tools.go:436.2,436.13 1 2
github.com/GrayCodeAI/iterate/cmd/iterate/features_tools.go:443.70,445.29 2 5
github.com/GrayCodeAI/iterate/cmd/iterate/features_tools.go:445.29,447.3 1 4
github.com/GrayCodeAI/iterate/cmd/iterate/features_tools.go:448.2,450.15 3 5
github.com/GrayCodeAI/iterate/cmd/iterate/features_tools.go:450.15,452.3 1 1
github.com/GrayCodeAI/iterate/cmd/iterate/features_tools.go:453.2,457.14 5 5
github.com/GrayCodeAI/iterate/cmd/iterate/features_tools.go:457.14,459.3 1 2
github.com/GrayCodeAI/iterate/cmd/iterate/features_tools.go:460.2,460.14 1 5
github.com/GrayCodeAI/iterate/cmd/iterate/features_tools.go:460.14,462.3 1 1
github.com/GrayCodeAI/iterate/cmd/iterate/features_tools.go:463.2,464.66 1 5
github.com/GrayCodeAI/iterate/cmd/iterate/features_tools.go:487.46,493.2 5 2
github.com/GrayCodeAI/iterate/cmd/iterate/features_tools.go:495.50,499.2 3 1
github.com/GrayCodeAI/iterate/cmd/iterate/features_watch.go:37.18,40.24 3 0
github.com/GrayCodeAI/iterate/cmd/iterate/features_watch.go:40.24,43.3 2 0
github.com/GrayCodeAI/iterate/cmd/iterate/features_watch.go:49.34,51.24 2 0
github.com/GrayCodeAI/iterate/cmd/iterate/features_watch.go:51.24,53.3 1 0
github.com/GrayCodeAI/iterate/cmd/iterate/features_watch.go:54.2,58.30 4 0
github.com/GrayCodeAI/iterate/cmd/iterate/features_watch.go:64.55,76.6 8 0
github.com/GrayCodeAI/iterate/cmd/iterate/features_watch.go:76.6,77.10 1 0
github.com/GrayCodeAI/iterate/cmd/iterate/features_watch.go:78.21,79.10 1 0
github.com/GrayCodeAI/iterate/cmd/iterate/features_watch.go:80.19,85.25 4 0
github.com/GrayCodeAI/iterate/cmd/iterate/features_watch.go:85.25,86.13 1 0
github.com/GrayCodeAI/iterate/cmd/iterate/features_watch.go:90.4,91.30 2 0
github.com/GrayCodeAI/iterate/cmd/iterate/features_watch.go:91.30,92.40 1 0
github.com/GrayCodeAI/iterate/cmd/iterate/features_watch.go:92.40,95.6 2 0
github.com/GrayCodeAI/iterate/cmd/iterate/features_watch.go:99.4,99.28 1 0
github.com/GrayCodeAI/iterate/cmd/iterate/features_watch.go:99.28,101.5 1 0
github.com/GrayCodeAI/iterate/cmd/iterate/features_watch.go:103.4,105.30 3 0
github.com/GrayCodeAI/iterate/cmd/iterate/features_watch.go:105.30,107.5 1 0
github.com/GrayCodeAI/iterate/cmd/iterate/features_watch.go:108.4,108.64 1 0
github.com/GrayCodeAI/iterate/cmd/iterate/features_watch.go:108.64,111.37 2 0
github.com/GrayCodeAI/iterate/cmd/iterate/features_watch.go:111.37,114.6 2 0
github.com/GrayCodeAI/iterate/cmd/iterate/features_watch.go:115.5,115.28 1 0
github.com/GrayCodeAI/iterate/cmd/iterate/features_watch.go:117.4,117.23 1 0
github.com/GrayCodeAI/iterate/cmd/iterate/features_watch.go:123.59,125.83 2 2
github.com/GrayCodeAI/iterate/cmd/iterate/features_watch.go:125.83,126.32 1 3
github.com/GrayCodeAI/iterate/cmd/iterate/features_watch.go:126.32,128.4 1 0
github.com/GrayCodeAI/iterate/cmd/iterate/features_watch.go:129.3,129.19 1 3
github.com/GrayCodeAI/iterate/cmd/iterate/features_watch.go:129.19,131.43 1 2
github.com/GrayCodeAI/iterate/cmd/iterate/features_watch.go:131.43,132.35 1 6
github.com/GrayCodeAI/iterate/cmd/iterate/features_watch.go:132.35,134.6 1 0
github.com/GrayCodeAI/iterate/cmd/iterate/features_watch.go:136.4,136.14 1 2
github.com/GrayCodeAI/iterate/cmd/iterate/features_watch.go:138.3,138.25 1 1
github.com/GrayCodeAI/iterate/cmd/iterate/features_watch.go:138.25,140.4 1 0
github.com/GrayCodeAI/iterate/cmd/iterate/features_watch.go:141.3,142.13 2 1
github.com/GrayCodeAI/iterate/cmd/iterate/features_watch.go:144.2,144.15 1 2
github.com/GrayCodeAI/iterate/cmd/iterate/features_watch.go:148.36,149.41 1 6
github.com/GrayCodeAI/iterate/cmd/iterate/features_watch.go:149.41,150.33 1 16
github.com/GrayCodeAI/iterate/cmd/iterate/features_watch.go:150.33,152.4 1 1
github.com/GrayCodeAI/iterate/cmd/iterate/features_watch.go:154.2,154.35 1 5
github.com/GrayCodeAI/iterate/cmd/iterate/features_watch.go:154.35,156.3 1 1
github.com/GrayCodeAI/iterate/cmd/iterate/features_watch.go:157.2,157.42 1 4
github.com/GrayCodeAI/iterate/cmd/iterate/features_watch.go:157.42,158.35 1 7
github.com/GrayCodeAI/iterate/cmd/iterate/features_watch.go:158.35,160.4 1 2
github.com/GrayCodeAI/iterate/cmd/iterate/features_watch.go:162.2,162.14 1 2
github.com/GrayCodeAI/iterate/cmd/iterate/features_watch.go:166.64,168.37 2 1
github.com/GrayCodeAI/iterate/cmd/iterate/features_watch.go:168.37,169.62 1 1
github.com/GrayCodeAI/iterate/cmd/iterate/features_watch.go:169.62,171.4 1 1
github.com/GrayCodeAI/iterate/cmd/iterate/features_watch.go:173.2,173.16 1 1
github.com/GrayCodeAI/iterate/cmd/iterate/features_watch.go:177.37,181.16 4 0
github.com/GrayCodeAI/iterate/cmd/iterate/features_watch.go:181.16,183.3 1 0
github.com/GrayCodeAI/iterate/cmd/iterate/features_watch.go:183.8,185.19 2 0
github.com/GrayCodeAI/iterate/cmd/iterate/features_watch.go:185.19,187.4 1 0
github.com/GrayCodeAI/iterate/cmd/iterate/fileutil.go:12.72,15.16 3 45
github.com/GrayCodeAI/iterate/cmd/iterate/fileutil.go:15.16,17.3 1 0
github.com/GrayCodeAI/iterate/cmd/iterate/fileutil.go:18.2,19.15 2 45
github.com/GrayCodeAI/iterate/cmd/iterate/fileutil.go:19.15,22.3 1 45
github.com/GrayCodeAI/iterate/cmd/iterate/fileutil.go:24.2,24.43 1 45
github.com/GrayCodeAI/iterate/cmd/iterate/fileutil.go:24.43,27.3 2 0
github.com/GrayCodeAI/iterate/cmd/iterate/fileutil.go:28.2,28.40 1 45
github.com/GrayCodeAI/iterate/cmd/iterate/fileutil.go:28.40,31.3 2 0
github.com/GrayCodeAI/iterate/cmd/iterate/fileutil.go:32.2,32.36 1 45
github.com/GrayCodeAI/iterate/cmd/iterate/fileutil.go:32.36,34.3 1 0
github.com/GrayCodeAI/iterate/cmd/iterate/fileutil.go:35.2,35.49 1 45
github.com/GrayCodeAI/iterate/cmd/iterate/fileutil.go:35.49,37.3 1 0
github.com/GrayCodeAI/iterate/cmd/iterate/fileutil.go:38.2,38.12 1 45
github.com/GrayCodeAI/iterate/cmd/iterate/main.go:15.13,21.16 5 0
github.com/GrayCodeAI/iterate/cmd/iterate/main.go:21.16,24.3 2 0
github.com/GrayCodeAI/iterate/cmd/iterate/main.go:26.2,27.34 2 0
github.com/GrayCodeAI/iterate/cmd/iterate/main.go:30.41,33.47 3 0
github.com/GrayCodeAI/iterate/cmd/iterate/main.go:33.47,35.3 1 0
github.com/GrayCodeAI/iterate/cmd/iterate/main.go:36.2,37.37 2 0
github.com/GrayCodeAI/iterate/cmd/iterate/main.go:37.37,39.3 1 0
github.com/GrayCodeAI/iterate/cmd/iterate/main.go:40.2,40.92 1 0
github.com/GrayCodeAI/iterate/cmd/iterate/main.go:40.92,42.3 1 0
github.com/GrayCodeAI/iterate/cmd/iterate/main.go:45.73,48.16 3 0
github.com/GrayCodeAI/iterate/cmd/iterate/main.go:48.16,50.3 1 0
github.com/GrayCodeAI/iterate/cmd/iterate/main.go:51.2,51.40 1 0
github.com/GrayCodeAI/iterate/cmd/iterate/main.go:54.68,56.16 2 0
github.com/GrayCodeAI/iterate/cmd/iterate/main.go:56.16,58.3 1 0
github.com/GrayCodeAI/iterate/cmd/iterate/main.go:59.2,60.56 2 0
github.com/GrayCodeAI/iterate/cmd/iterate/main.go:60.56,62.3 1 0
github.com/GrayCodeAI/iterate/cmd/iterate/main.go:63.2,63.22 1 0
github.com/GrayCodeAI/iterate/cmd/iterate/main_flags.go:32.29,57.2 23 0
github.com/GrayCodeAI/iterate/cmd/iterate/main_flags.go:59.45,61.12 2 0
github.com/GrayCodeAI/iterate/cmd/iterate/main_flags.go:61.12,63.3 1 0
github.com/GrayCodeAI/iterate/cmd/iterate/main_flags.go:64.2,68.23 3 0
github.com/GrayCodeAI/iterate/cmd/iterate/main_flags.go:68.23,70.3 1 0
github.com/GrayCodeAI/iterate/cmd/iterate/main_flags.go:70.8,72.3 1 0
github.com/GrayCodeAI/iterate/cmd/iterate/main_flags.go:73.2,73.15 1 0
github.com/GrayCodeAI/iterate/cmd/iterate/main_mode.go:26.85,34.16 7 0
github.com/GrayCodeAI/iterate/cmd/iterate/main_mode.go:34.16,37.3 2 0
github.com/GrayCodeAI/iterate/cmd/iterate/main_mode.go:39.2,41.15 2 0
github.com/GrayCodeAI/iterate/cmd/iterate/main_mode.go:41.15,43.3 1 0
github.com/GrayCodeAI/iterate/cmd/iterate/main_mode.go:46.2,46.15 1 0
github.com/GrayCodeAI/iterate/cmd/iterate/main_mode.go:46.15,49.41 3 0
github.com/GrayCodeAI/iterate/cmd/iterate/main_mode.go:49.41,52.4 2 0
github.com/GrayCodeAI/iterate/cmd/iterate/main_mode.go:53.3,53.63 1 0
github.com/GrayCodeAI/iterate/cmd/iterate/main_mode.go:56.2,57.12 2 0
github.com/GrayCodeAI/iterate/cmd/iterate/main_mode.go:57.12,58.16 1 0
github.com/GrayCodeAI/iterate/cmd/iterate/main_mode.go:58.16,60.4 1 0
github.com/GrayCodeAI/iterate/cmd/iterate/main_mode.go:61.3,61.16 1 0
github.com/GrayCodeAI/iterate/cmd/iterate/main_mode.go:61.16,63.4 1 0
github.com/GrayCodeAI/iterate/cmd/iterate/main_mode.go:65.3,65.19 1 0
github.com/GrayCodeAI/iterate/cmd/iterate/main_mode.go:65.19,67.4 1 0
github.com/GrayCodeAI/iterate/cmd/iterate/main_mode.go:68.3,69.9 2 0
github.com/GrayCodeAI/iterate/cmd/iterate/main_mode.go:72.2,72.18 1 0
github.com/GrayCodeAI/iterate/cmd/iterate/main_mode.go:72.18,75.3 2 0
github.com/GrayCodeAI/iterate/cmd/iterate/main_mode.go:77.2,78.88 2 0
github.com/GrayCodeAI/iterate/cmd/iterate/main_mode.go:81.113,82.39 1 0
github.com/GrayCodeAI/iterate/cmd/iterate/main_mode.go:82.39,85.3 2 0
github.com/GrayCodeAI/iterate/cmd/iterate/main_mode.go:86.2,88.49 3 0
github.com/GrayCodeAI/iterate/cmd/iterate/main_mode.go:88.49,91.3 2 0
github.com/GrayCodeAI/iterate/cmd/iterate/main_mode.go:92.2,92.40 1 0
github.com/GrayCodeAI/iterate/cmd/iterate/main_mode.go:95.203,115.2 7 0
github.com/GrayCodeAI/iterate/cmd/iterate/main_mode.go:117.134,118.39 1 0
github.com/GrayCodeAI/iterate/cmd/iterate/main_mode.go:118.39,120.3 1 0
github.com/GrayCodeAI/iterate/cmd/iterate/main_mode.go:122.2,131.16 6 0
github.com/GrayCodeAI/iterate/cmd/iterate/main_mode.go:131.16,134.3 2 0
github.com/GrayCodeAI/iterate/cmd/iterate/main_mode.go:136.2,138.30 3 0
github.com/GrayCodeAI/iterate/cmd/iterate/main_mode.go:138.30,140.3 1 0
github.com/GrayCodeAI/iterate/cmd/iterate/main_mode.go:141.2,142.22 2 0
github.com/GrayCodeAI/iterate/cmd/iterate/main_mode.go:142.22,144.3 1 0
github.com/GrayCodeAI/iterate/cmd/iterate/main_mode.go:145.2,145.26 1 0
github.com/GrayCodeAI/iterate/cmd/iterate/main_mode.go:148.81,150.25 2 0
github.com/GrayCodeAI/iterate/cmd/iterate/main_mode.go:150.25,152.17 2 0
github.com/GrayCodeAI/iterate/cmd/iterate/main_mode.go:152.17,154.4 1 0
github.com/GrayCodeAI/iterate/cmd/iterate/main_mode.go:154.9,157.4 2 0
github.com/GrayCodeAI/iterate/cmd/iterate/main_mode.go:160.2,160.47 1 0
github.com/GrayCodeAI/iterate/cmd/iterate/main_mode.go:160.47,164.70 2 0
github.com/GrayCodeAI/iterate/cmd/iterate/main_mode.go:164.70,167.4 2 0
github.com/GrayCodeAI/iterate/cmd/iterate/main_mode.go:167.9,169.4 1 0
github.com/GrayCodeAI/iterate/cmd/iterate/main_mode.go:170.3,170.79 1 0
github.com/GrayCodeAI/iterate/cmd/iterate/main_mode.go:172.2,172.24 1 0
github.com/GrayCodeAI/iterate/cmd/iterate/main_mode.go:175.163,176.17 1 0
github.com/GrayCodeAI/iterate/cmd/iterate/main_mode.go:177.14,179.61 2 0
github.com/GrayCodeAI/iterate/cmd/iterate/main_mode.go:179.61,182.4 2 0
github.com/GrayCodeAI/iterate/cmd/iterate/main_mode.go:183.3,184.13 2 0
github.com/GrayCodeAI/iterate/cmd/iterate/main_mode.go:185.19,187.58 2 0
github.com/GrayCodeAI/iterate/cmd/iterate/main_mode.go:187.58,190.4 2 0
github.com/GrayCodeAI/iterate/cmd/iterate/main_mode.go:191.3,192.13 2 0
github.com/GrayCodeAI/iterate/cmd/iterate/main_mode.go:193.12,195.48 2 0
github.com/GrayCodeAI/iterate/cmd/iterate/main_mode.go:195.48,198.4 2 0
github.com/GrayCodeAI/iterate/cmd/iterate/main_mode.go:199.3,200.13 2 0
github.com/GrayCodeAI/iterate/cmd/iterate/main_mode.go:201.16,203.55 2 0
github.com/GrayCodeAI/iterate/cmd/iterate/main_mode.go:203.55,206.4 2 0
github.com/GrayCodeAI/iterate/cmd/iterate/main_mode.go:207.3,208.13 2 0
github.com/GrayCodeAI/iterate/cmd/iterate/main_mode.go:209.15,211.51 2 0
github.com/GrayCodeAI/iterate/cmd/iterate/main_mode.go:211.51,214.4 2 0
github.com/GrayCodeAI/iterate/cmd/iterate/main_mode.go:215.3,216.13 2 0
github.com/GrayCodeAI/iterate/cmd/iterate/main_mode.go:217.21,219.60 2 0
github.com/GrayCodeAI/iterate/cmd/iterate/main_mode.go:219.60,222.4 2 0
github.com/GrayCodeAI/iterate/cmd/iterate/main_mode.go:223.3,224.13 2 0
github.com/GrayCodeAI/iterate/cmd/iterate/main_mode.go:225.10,227.20 2 0
github.com/GrayCodeAI/iterate/cmd/iterate/main_mode.go:227.20,230.4 2 0
github.com/GrayCodeAI/iterate/cmd/iterate/main_mode.go:231.3,231.16 1 0
github.com/GrayCodeAI/iterate/cmd/iterate/main_mode.go:235.241,238.73 3 0
github.com/GrayCodeAI/iterate/cmd/iterate/main_mode.go:238.73,240.3 1 0
github.com/GrayCodeAI/iterate/cmd/iterate/main_mode.go:242.2,242.25 1 0
github.com/GrayCodeAI/iterate/cmd/iterate/main_mode.go:242.25,243.75 1 0
github.com/GrayCodeAI/iterate/cmd/iterate/main_mode.go:243.75,245.4 1 0
github.com/GrayCodeAI/iterate/cmd/iterate/main_mode.go:245.9,247.4 1 0
github.com/GrayCodeAI/iterate/cmd/iterate/main_mode.go:250.2,250.78 1 0
github.com/GrayCodeAI/iterate/cmd/iterate/main_mode.go:250.78,252.36 2 0
github.com/GrayCodeAI/iterate/cmd/iterate/main_mode.go:252.36,253.33 1 0
github.com/GrayCodeAI/iterate/cmd/iterate/main_mode.go:253.33,255.5 1 0
github.com/GrayCodeAI/iterate/cmd/iterate/main_mode.go:257.3,259.79 3 0
github.com/GrayCodeAI/iterate/cmd/iterate/main_mode.go:259.79,261.4 1 0
github.com/GrayCodeAI/iterate/cmd/iterate/main_mode.go:262.3,262.11 1 0
github.com/GrayCodeAI/iterate/cmd/iterate/main_mode.go:265.2,267.19 2 0
github.com/GrayCodeAI/iterate/cmd/iterate/main_mode.go:267.19,272.3 1 0
github.com/GrayCodeAI/iterate/cmd/iterate/memory_project.go:29.48,31.2 1 62
github.com/GrayCodeAI/iterate/cmd/iterate/memory_project.go:33.55,35.16 2 37
github.com/GrayCodeAI/iterate/cmd/iterate/memory_project.go:35.16,37.3 1 15
github.com/GrayCodeAI/iterate/cmd/iterate/memory_project.go:38.2,39.49 2 22
github.com/GrayCodeAI/iterate/cmd/iterate/memory_project.go:39.49,41.3 1 1
github.com/GrayCodeAI/iterate/cmd/iterate/memory_project.go:42.2,42.10 1 21
github.com/GrayCodeAI/iterate/cmd/iterate/memory_project.go:45.64,47.63 2 21
github.com/GrayCodeAI/iterate/cmd/iterate/memory_project.go:47.63,49.3 1 0
github.com/GrayCodeAI/iterate/cmd/iterate/memory_project.go:50.2,51.16 2 21
github.com/GrayCodeAI/iterate/cmd/iterate/memory_project.go:51.16,53.3 1 0
github.com/GrayCodeAI/iterate/cmd/iterate/memory_project.go:54.2,54.43 1 21
github.com/GrayCodeAI/iterate/cmd/iterate/memory_project.go:57.56,64.2 3 16
github.com/GrayCodeAI/iterate/cmd/iterate/memory_project.go:66.84,68.38 2 6
github.com/GrayCodeAI/iterate/cmd/iterate/memory_project.go:68.38,70.3 1 3
github.com/GrayCodeAI/iterate/cmd/iterate/memory_project.go:71.2,73.55 3 3
github.com/GrayCodeAI/iterate/cmd/iterate/memory_project.go:73.55,75.3 1 0
github.com/GrayCodeAI/iterate/cmd/iterate/memory_project.go:76.2,76.20 1 3
github.com/GrayCodeAI/iterate/cmd/iterate/memory_project.go:80.59,81.25 1 6
github.com/GrayCodeAI/iterate/cmd/iterate/memory_project.go:81.25,83.3 1 1
github.com/GrayCodeAI/iterate/cmd/iterate/memory_project.go:84.2,85.30 2 5
github.com/GrayCodeAI/iterate/cmd/iterate/memory_project.go:85.30,87.3 1 7
github.com/GrayCodeAI/iterate/cmd/iterate/memory_project.go:88.2,88.66 1 5
github.com/GrayCodeAI/iterate/cmd/iterate/memory_project.go:95.50,97.16 2 8
github.com/GrayCodeAI/iterate/cmd/iterate/memory_project.go:97.16,99.18 2 6
github.com/GrayCodeAI/iterate/cmd/iterate/memory_project.go:99.18,101.4 1 5
github.com/GrayCodeAI/iterate/cmd/iterate/memory_project.go:102.3,103.22 2 1
github.com/GrayCodeAI/iterate/cmd/iterate/memory_project.go:103.22,105.4 1 0
github.com/GrayCodeAI/iterate/cmd/iterate/memory_project.go:106.3,106.35 1 1
github.com/GrayCodeAI/iterate/cmd/iterate/memory_project.go:108.2,108.21 1 2
github.com/GrayCodeAI/iterate/cmd/iterate/pricing.go:110.55,112.43 2 75
github.com/GrayCodeAI/iterate/cmd/iterate/pricing.go:112.43,114.3 1 63
github.com/GrayCodeAI/iterate/cmd/iterate/pricing.go:115.2,117.33 3 12
github.com/GrayCodeAI/iterate/cmd/iterate/pricing.go:117.33,118.77 1 780
github.com/GrayCodeAI/iterate/cmd/iterate/pricing.go:118.77,121.4 2 9
github.com/GrayCodeAI/iterate/cmd/iterate/pricing.go:123.2,123.16 1 12
github.com/GrayCodeAI/iterate/cmd/iterate/pricing.go:123.16,125.3 1 8
github.com/GrayCodeAI/iterate/cmd/iterate/pricing.go:126.2,126.30 1 4
github.com/GrayCodeAI/iterate/cmd/iterate/pricing.go:141.100,143.9 2 29
github.com/GrayCodeAI/iterate/cmd/iterate/pricing.go:143.9,148.3 1 2
github.com/GrayCodeAI/iterate/cmd/iterate/pricing.go:150.2,163.3 5 27
github.com/GrayCodeAI/iterate/cmd/iterate/pricing.go:167.97,169.21 2 9
github.com/GrayCodeAI/iterate/cmd/iterate/pricing.go:169.21,173.3 1 1
github.com/GrayCodeAI/iterate/cmd/iterate/pricing.go:175.2,183.20 6 8
github.com/GrayCodeAI/iterate/cmd/iterate/pricing.go:183.20,186.3 1 2
github.com/GrayCodeAI/iterate/cmd/iterate/pricing.go:187.2,187.19 1 8
github.com/GrayCodeAI/iterate/cmd/iterate/pricing.go:187.19,190.3 1 2
github.com/GrayCodeAI/iterate/cmd/iterate/pricing.go:191.2,192.28 2 8
github.com/GrayCodeAI/iterate/cmd/iterate/pricing.go:192.28,194.3 1 2
github.com/GrayCodeAI/iterate/cmd/iterate/pricing.go:194.8,196.3 1 6
github.com/GrayCodeAI/iterate/cmd/iterate/pricing.go:197.2,197.20 1 8
github.com/GrayCodeAI/iterate/cmd/iterate/provider.go:17.121,22.76 4 0
github.com/GrayCodeAI/iterate/cmd/iterate/provider.go:22.76,24.3 1 0
github.com/GrayCodeAI/iterate/cmd/iterate/provider.go:25.2,25.36 1 0
github.com/GrayCodeAI/iterate/cmd/iterate/provider.go:25.36,27.3 1 0
github.com/GrayCodeAI/iterate/cmd/iterate/provider.go:28.2,28.38 1 0
github.com/GrayCodeAI/iterate/cmd/iterate/provider.go:28.38,30.3 1 0
github.com/GrayCodeAI/iterate/cmd/iterate/provider.go:31.2,31.67 1 0
github.com/GrayCodeAI/iterate/cmd/iterate/provider.go:31.67,33.3 1 0
github.com/GrayCodeAI/iterate/cmd/iterate/provider.go:34.2,34.17 1 0
github.com/GrayCodeAI/iterate/cmd/iterate/provider.go:34.17,36.3 1 0
github.com/GrayCodeAI/iterate/cmd/iterate/provider.go:38.2,38.32 1 0
github.com/GrayCodeAI/iterate/cmd/iterate/provider.go:43.71,44.54 1 0
github.com/GrayCodeAI/iterate/cmd/iterate/provider.go:44.54,46.3 1 0
github.com/GrayCodeAI/iterate/cmd/iterate/provider.go:47.2,47.21 1 0
github.com/GrayCodeAI/iterate/cmd/iterate/provider.go:53.97,55.16 2 0
github.com/GrayCodeAI/iterate/cmd/iterate/provider.go:55.16,57.3 1 0
github.com/GrayCodeAI/iterate/cmd/iterate/provider.go:58.2,65.46 3 0
github.com/GrayCodeAI/iterate/cmd/iterate/provider.go:65.46,67.3 1 0
github.com/GrayCodeAI/iterate/cmd/iterate/provider.go:69.2,69.15 1 0
github.com/GrayCodeAI/iterate/cmd/iterate/provider.go:75.72,82.24 6 0
github.com/GrayCodeAI/iterate/cmd/iterate/provider.go:82.24,83.58 1 0
github.com/GrayCodeAI/iterate/cmd/iterate/provider.go:83.58,86.18 3 0
github.com/GrayCodeAI/iterate/cmd/iterate/provider.go:86.18,88.5 1 0
github.com/GrayCodeAI/iterate/cmd/iterate/provider.go:89.4,90.10 2 0
github.com/GrayCodeAI/iterate/cmd/iterate/provider.go:93.3,93.64 1 0
github.com/GrayCodeAI/iterate/cmd/iterate/provider.go:93.64,95.4 1 0
github.com/GrayCodeAI/iterate/cmd/iterate/repl.go:45.42,47.29 2 0
github.com/GrayCodeAI/iterate/cmd/iterate/repl.go:47.29,49.3 1 0
github.com/GrayCodeAI/iterate/cmd/iterate/repl.go:52.127,54.21 2 0
github.com/GrayCodeAI/iterate/cmd/iterate/repl.go:55.15,56.29 1 0
github.com/GrayCodeAI/iterate/cmd/iterate/repl.go:57.21,58.13 1 0
github.com/GrayCodeAI/iterate/cmd/iterate/repl.go:60.2,64.54 5 0
github.com/GrayCodeAI/iterate/cmd/iterate/repl.go:64.54,67.3 1 0
github.com/GrayCodeAI/iterate/cmd/iterate/repl.go:68.2,76.33 2 0
github.com/GrayCodeAI/iterate/cmd/iterate/repl.go:76.33,78.3 1 0
github.com/GrayCodeAI/iterate/cmd/iterate/repl.go:79.2,79.31 1 0
github.com/GrayCodeAI/iterate/cmd/iterate/repl.go:79.31,81.3 1 0
github.com/GrayCodeAI/iterate/cmd/iterate/repl.go:82.2,82.34 1 0
github.com/GrayCodeAI/iterate/cmd/iterate/repl.go:82.34,84.3 1 0
github.com/GrayCodeAI/iterate/cmd/iterate/repl.go:85.2,85.11 1 0
github.com/GrayCodeAI/iterate/cmd/iterate/repl.go:90.39,94.60 3 0
github.com/GrayCodeAI/iterate/cmd/iterate/repl.go:94.60,96.21 2 0
github.com/GrayCodeAI/iterate/cmd/iterate/repl.go:96.21,99.5 1 0
github.com/GrayCodeAI/iterate/cmd/iterate/repl.go:101.46,102.21 1 0
github.com/GrayCodeAI/iterate/cmd/iterate/repl.go:102.21,106.5 2 0
github.com/GrayCodeAI/iterate/cmd/iterate/repl.go:108.67,110.21 2 0
github.com/GrayCodeAI/iterate/cmd/iterate/repl.go:110.21,112.5 1 0
github.com/GrayCodeAI/iterate/cmd/iterate/repl.go:114.62,115.21 1 0
github.com/GrayCodeAI/iterate/cmd/iterate/repl.go:115.21,118.19 3 0
github.com/GrayCodeAI/iterate/cmd/iterate/repl.go:118.19,120.6 1 0
github.com/GrayCodeAI/iterate/cmd/iterate/repl.go:121.5,122.67 1 0
github.com/GrayCodeAI/iterate/cmd/iterate/repl.go:126.4,126.20 1 0
github.com/GrayCodeAI/iterate/cmd/iterate/repl.go:127.90,128.28 1 0
github.com/GrayCodeAI/iterate/cmd/iterate/repl.go:135.27,138.12 3 0
github.com/GrayCodeAI/iterate/cmd/iterate/repl.go:138.12,139.19 1 0
github.com/GrayCodeAI/iterate/cmd/iterate/repl.go:139.19,140.33 1 0
github.com/GrayCodeAI/iterate/cmd/iterate/repl.go:140.33,147.5 5 0
github.com/GrayCodeAI/iterate/cmd/iterate/repl.go:152.104,156.27 4 0
github.com/GrayCodeAI/iterate/cmd/iterate/repl.go:156.27,157.43 1 0
github.com/GrayCodeAI/iterate/cmd/iterate/repl.go:157.43,159.4 1 0
github.com/GrayCodeAI/iterate/cmd/iterate/repl.go:161.2,161.36 1 0
github.com/GrayCodeAI/iterate/cmd/iterate/repl.go:161.36,164.43 3 0
github.com/GrayCodeAI/iterate/cmd/iterate/repl.go:164.43,166.4 1 0
github.com/GrayCodeAI/iterate/cmd/iterate/repl.go:167.3,167.25 1 0
github.com/GrayCodeAI/iterate/cmd/iterate/repl.go:170.2,170.31 1 0
github.com/GrayCodeAI/iterate/cmd/iterate/repl.go:170.31,173.3 2 0
github.com/GrayCodeAI/iterate/cmd/iterate/repl.go:174.2,174.29 1 0
github.com/GrayCodeAI/iterate/cmd/iterate/repl.go:174.29,176.3 1 0
github.com/GrayCodeAI/iterate/cmd/iterate/repl.go:177.2,177.28 1 0
github.com/GrayCodeAI/iterate/cmd/iterate/repl.go:177.28,180.3 2 0
github.com/GrayCodeAI/iterate/cmd/iterate/repl.go:181.2,181.77 1 0
github.com/GrayCodeAI/iterate/cmd/iterate/repl.go:181.77,183.3 1 0
github.com/GrayCodeAI/iterate/cmd/iterate/repl.go:184.2,184.17 1 0
github.com/GrayCodeAI/iterate/cmd/iterate/repl.go:187.90,199.46 8 0
github.com/GrayCodeAI/iterate/cmd/iterate/repl.go:199.46,201.3 1 0
github.com/GrayCodeAI/iterate/cmd/iterate/repl.go:203.2,203.17 1 0
github.com/GrayCodeAI/iterate/cmd/iterate/repl.go:207.129,211.15 3 0
github.com/GrayCodeAI/iterate/cmd/iterate/repl.go:211.15,214.3 2 0
github.com/GrayCodeAI/iterate/cmd/iterate/repl.go:216.2,219.70 2 0
github.com/GrayCodeAI/iterate/cmd/iterate/repl.go:219.70,221.3 1 0
github.com/GrayCodeAI/iterate/cmd/iterate/repl.go:223.2,223.6 1 0
github.com/GrayCodeAI/iterate/cmd/iterate/repl.go:223.6,225.10 2 0
github.com/GrayCodeAI/iterate/cmd/iterate/repl.go:225.10,226.9 1 0
github.com/GrayCodeAI/iterate/cmd/iterate/repl.go:228.3,228.17 1 0
github.com/GrayCodeAI/iterate/cmd/iterate/repl.go:228.17,229.12 1 0
github.com/GrayCodeAI/iterate/cmd/iterate/repl.go:232.3,232.95 1 0
github.com/GrayCodeAI/iterate/cmd/iterate/repl.go:232.95,233.12 1 0
github.com/GrayCodeAI/iterate/cmd/iterate/repl.go:237.3,239.35 2 0
github.com/GrayCodeAI/iterate/cmd/iterate/repl.go:239.35,240.81 1 0
github.com/GrayCodeAI/iterate/cmd/iterate/repl.go:240.81,242.5 1 0
github.com/GrayCodeAI/iterate/cmd/iterate/repl.go:243.4,243.12 1 0
github.com/GrayCodeAI/iterate/cmd/iterate/repl.go:246.3,247.41 2 0
github.com/GrayCodeAI/iterate/cmd/iterate/repl.go:250.2,251.34 2 0
github.com/GrayCodeAI/iterate/cmd/iterate/repl.go:255.167,256.60 1 0
github.com/GrayCodeAI/iterate/cmd/iterate/repl.go:256.60,258.18 2 0
github.com/GrayCodeAI/iterate/cmd/iterate/repl.go:258.18,267.56 8 0
github.com/GrayCodeAI/iterate/cmd/iterate/repl.go:267.56,269.5 1 0
github.com/GrayCodeAI/iterate/cmd/iterate/repl.go:270.4,270.26 1 0
github.com/GrayCodeAI/iterate/cmd/iterate/repl.go:272.3,272.14 1 0
github.com/GrayCodeAI/iterate/cmd/iterate/repl.go:274.2,274.42 1 0
github.com/GrayCodeAI/iterate/cmd/iterate/repl.go:274.42,276.22 2 0
github.com/GrayCodeAI/iterate/cmd/iterate/repl.go:276.22,279.4 2 0
github.com/GrayCodeAI/iterate/cmd/iterate/repl.go:279.9,282.23 3 0
github.com/GrayCodeAI/iterate/cmd/iterate/repl.go:282.23,284.5 1 0
github.com/GrayCodeAI/iterate/cmd/iterate/repl.go:285.4,287.20 3 0
github.com/GrayCodeAI/iterate/cmd/iterate/repl.go:287.20,289.5 1 0
github.com/GrayCodeAI/iterate/cmd/iterate/repl.go:289.10,291.5 1 0
github.com/GrayCodeAI/iterate/cmd/iterate/repl.go:292.4,292.18 1 0
github.com/GrayCodeAI/iterate/cmd/iterate/repl.go:292.18,295.5 2 0
github.com/GrayCodeAI/iterate/cmd/iterate/repl.go:295.10,303.5 7 0
github.com/GrayCodeAI/iterate/cmd/iterate/repl.go:305.3,305.14 1 0
github.com/GrayCodeAI/iterate/cmd/iterate/repl.go:307.2,307.14 1 0
github.com/GrayCodeAI/iterate/cmd/iterate/repl.go:311.63,313.25 2 0
github.com/GrayCodeAI/iterate/cmd/iterate/repl.go:313.25,315.3 1 0
github.com/GrayCodeAI/iterate/cmd/iterate/repl.go:316.2,318.22 3 0
github.com/GrayCodeAI/iterate/cmd/iterate/repl.go:318.22,322.3 1 0
github.com/GrayCodeAI/iterate/cmd/iterate/repl.go:323.2,331.25 2 0
github.com/GrayCodeAI/iterate/cmd/iterate/repl.go:331.25,333.3 1 0
github.com/GrayCodeAI/iterate/cmd/iterate/repl.go:334.2,334.93 1 0
github.com/GrayCodeAI/iterate/cmd/iterate/repl.go:337.91,367.2 16 0
github.com/GrayCodeAI/iterate/cmd/iterate/repl.go:369.38,372.34 3 0
github.com/GrayCodeAI/iterate/cmd/iterate/repl.go:372.34,374.3 1 0
github.com/GrayCodeAI/iterate/cmd/iterate/repl.go:375.2,377.102 2 0
github.com/GrayCodeAI/iterate/cmd/iterate/repl.go:377.102,379.19 2 0
github.com/GrayCodeAI/iterate/cmd/iterate/repl.go:379.19,381.4 1 0
github.com/GrayCodeAI/iterate/cmd/iterate/repl.go:384.2,385.25 2 0
github.com/GrayCodeAI/iterate/cmd/iterate/repl.go:385.25,386.33 1 0
github.com/GrayCodeAI/iterate/cmd/iterate/repl.go:386.33,388.4 1 0
github.com/GrayCodeAI/iterate/cmd/iterate/repl.go:388.9,388.24 1 0
github.com/GrayCodeAI/iterate/cmd/iterate/repl.go:388.24,390.4 1 0
github.com/GrayCodeAI/iterate/cmd/iterate/repl.go:390.9,392.4 1 0
github.com/GrayCodeAI/iterate/cmd/iterate/repl.go:395.2,395.15 1 0
github.com/GrayCodeAI/iterate/cmd/iterate/repl.go:398.80,400.21 2 0
github.com/GrayCodeAI/iterate/cmd/iterate/repl.go:400.21,402.3 1 0
github.com/GrayCodeAI/iterate/cmd/iterate/repl.go:403.2,404.62 2 0
github.com/GrayCodeAI/iterate/cmd/iterate/repl.go:404.62,406.3 1 0
github.com/GrayCodeAI/iterate/cmd/iterate/repl.go:407.2,408.18 2 0
github.com/GrayCodeAI/iterate/cmd/iterate/repl.go:408.18,410.3 1 0
github.com/GrayCodeAI/iterate/cmd/iterate/repl.go:411.2,411.89 1 0
github.com/GrayCodeAI/iterate/cmd/iterate/repl.go:415.49,418.24 3 0
github.com/GrayCodeAI/iterate/cmd/iterate/repl.go:418.24,424.3 1 0
github.com/GrayCodeAI/iterate/cmd/iterate/repl.go:425.2,425.15 1 0
github.com/GrayCodeAI/iterate/cmd/iterate/repl.go:429.174,436.65 4 0
github.com/GrayCodeAI/iterate/cmd/iterate/repl.go:436.65,438.3 1 0
github.com/GrayCodeAI/iterate/cmd/iterate/repl.go:440.2,442.14 3 0
github.com/GrayCodeAI/iterate/cmd/iterate/repl.go:445.159,474.35 1 0
github.com/GrayCodeAI/iterate/cmd/iterate/repl.go:474.35,477.5 2 0
github.com/GrayCodeAI/iterate/cmd/iterate/repl.go:478.36,479.37 1 0
github.com/GrayCodeAI/iterate/cmd/iterate/repl.go:479.37,481.6 1 0
github.com/GrayCodeAI/iterate/cmd/iterate/repl.go:500.55,501.16 1 0
github.com/GrayCodeAI/iterate/cmd/iterate/repl.go:501.16,503.6 1 0
github.com/GrayCodeAI/iterate/cmd/iterate/repl.go:504.5,504.29 1 0
github.com/GrayCodeAI/iterate/cmd/iterate/repl.go:510.39,512.24 2 0
github.com/GrayCodeAI/iterate/cmd/iterate/repl.go:513.18,514.32 1 0
github.com/GrayCodeAI/iterate/cmd/iterate/repl.go:515.24,516.16 1 0
github.com/GrayCodeAI/iterate/cmd/iterate/repl.go:518.5,519.33 2 0
github.com/GrayCodeAI/iterate/cmd/iterate/repl.go:537.25,542.4 4 0
github.com/GrayCodeAI/iterate/cmd/iterate/repl.go:559.30,562.2 2 0
github.com/GrayCodeAI/iterate/cmd/iterate/repl.go:565.58,568.52 1 0
github.com/GrayCodeAI/iterate/cmd/iterate/repl.go:568.52,570.3 1 0
github.com/GrayCodeAI/iterate/cmd/iterate/repl.go:571.2,574.83 4 0
github.com/GrayCodeAI/iterate/cmd/iterate/repl.go:574.83,575.17 1 0
github.com/GrayCodeAI/iterate/cmd/iterate/repl.go:575.17,577.4 1 0
github.com/GrayCodeAI/iterate/cmd/iterate/repl.go:578.3,578.19 1 0
github.com/GrayCodeAI/iterate/cmd/iterate/repl.go:578.19,580.112 2 0
github.com/GrayCodeAI/iterate/cmd/iterate/repl.go:580.112,582.5 1 0
github.com/GrayCodeAI/iterate/cmd/iterate/repl.go:583.4,583.14 1 0
github.com/GrayCodeAI/iterate/cmd/iterate/repl.go:585.3,585.23 1 0
github.com/GrayCodeAI/iterate/cmd/iterate/repl.go:585.23,587.4 1 0
github.com/GrayCodeAI/iterate/cmd/iterate/repl.go:588.3,592.13 5 0
github.com/GrayCodeAI/iterate/cmd/iterate/repl.go:594.2,597.12 4 0
github.com/GrayCodeAI/iterate/cmd/iterate/repl.go:602.37,607.6 3 0
github.com/GrayCodeAI/iterate/cmd/iterate/repl.go:607.6,609.10 2 0
github.com/GrayCodeAI/iterate/cmd/iterate/repl.go:609.10,611.4 1 0
github.com/GrayCodeAI/iterate/cmd/iterate/repl.go:612.3,612.35 1 0
github.com/GrayCodeAI/iterate/cmd/iterate/repl.go:612.35,613.9 1 0
github.com/GrayCodeAI/iterate/cmd/iterate/repl.go:615.3,615.30 1 0
github.com/GrayCodeAI/iterate/cmd/iterate/repl.go:617.2,617.40 1 0
github.com/GrayCodeAI/iterate/cmd/iterate/repl.go:622.46,626.35 2 0
github.com/GrayCodeAI/iterate/cmd/iterate/repl.go:626.35,628.3 1 0
github.com/GrayCodeAI/iterate/cmd/iterate/repl.go:630.2,633.26 4 0
github.com/GrayCodeAI/iterate/cmd/iterate/repl.go:633.26,636.26 2 0
github.com/GrayCodeAI/iterate/cmd/iterate/repl.go:636.26,637.12 1 0
github.com/GrayCodeAI/iterate/cmd/iterate/repl.go:639.3,639.14 1 0
github.com/GrayCodeAI/iterate/cmd/iterate/repl.go:639.14,640.12 1 0
github.com/GrayCodeAI/iterate/cmd/iterate/repl.go:642.3,643.37 2 0
github.com/GrayCodeAI/iterate/cmd/iterate/repl.go:645.2,645.26 1 0
github.com/GrayCodeAI/iterate/cmd/iterate/repl.go:645.26,647.3 1 0
github.com/GrayCodeAI/iterate/cmd/iterate/repl.go:649.2,653.34 4 0
github.com/GrayCodeAI/iterate/cmd/iterate/repl.go:653.34,655.36 2 0
github.com/GrayCodeAI/iterate/cmd/iterate/repl.go:655.36,656.55 1 0
github.com/GrayCodeAI/iterate/cmd/iterate/repl.go:656.55,659.10 3 0
github.com/GrayCodeAI/iterate/cmd/iterate/repl.go:662.3,662.22 1 0
github.com/GrayCodeAI/iterate/cmd/iterate/repl.go:662.22,663.9 1 0
github.com/GrayCodeAI/iterate/cmd/iterate/repl.go:667.2,667.20 1 0
github.com/GrayCodeAI/iterate/cmd/iterate/repl.go:667.20,669.3 1 0
github.com/GrayCodeAI/iterate/cmd/iterate/repl_helpers.go:17.58,20.16 3 1
github.com/GrayCodeAI/iterate/cmd/iterate/repl_helpers.go:20.16,22.3 1 1
github.com/GrayCodeAI/iterate/cmd/iterate/repl_helpers.go:23.2,24.53 2 0
github.com/GrayCodeAI/iterate/cmd/iterate/repl_helpers.go:24.53,26.3 1 0
github.com/GrayCodeAI/iterate/cmd/iterate/repl_helpers.go:27.2,28.16 2 0
github.com/GrayCodeAI/iterate/cmd/iterate/repl_helpers.go:28.16,30.3 1 0
github.com/GrayCodeAI/iterate/cmd/iterate/repl_helpers.go:31.2,36.54 2 0
github.com/GrayCodeAI/iterate/cmd/iterate/repl_helpers.go:36.54,38.3 1 0
github.com/GrayCodeAI/iterate/cmd/iterate/repl_helpers.go:39.2,40.34 2 0
github.com/GrayCodeAI/iterate/cmd/iterate/repl_helpers.go:40.34,42.3 1 0
github.com/GrayCodeAI/iterate/cmd/iterate/repl_helpers.go:43.2,43.19 1 0
github.com/GrayCodeAI/iterate/cmd/iterate/repl_helpers.go:47.35,51.60 4 0
github.com/GrayCodeAI/iterate/cmd/iterate/repl_helpers.go:51.60,56.3 3 0
github.com/GrayCodeAI/iterate/cmd/iterate/repl_helpers.go:57.2,57.60 1 0
github.com/GrayCodeAI/iterate/cmd/iterate/repl_helpers.go:57.60,59.3 1 0
github.com/GrayCodeAI/iterate/cmd/iterate/repl_helpers.go:60.2,62.148 3 0
github.com/GrayCodeAI/iterate/cmd/iterate/repl_helpers.go:65.49,66.23 1 8
github.com/GrayCodeAI/iterate/cmd/iterate/repl_helpers.go:66.23,67.13 1 9
github.com/GrayCodeAI/iterate/cmd/iterate/repl_helpers.go:67.13,69.4 1 2
[...]
github.com/GrayCodeAI/iterate/internal/context/repo_map.go:851.29,855.38 2 13
github.com/GrayCodeAI/iterate/internal/context/repo_map.go:855.38,857.18 2 4
github.com/GrayCodeAI/iterate/internal/context/repo_map.go:857.18,865.71 2 4
github.com/GrayCodeAI/iterate/internal/context/repo_map.go:865.71,867.6 1 1
github.com/GrayCodeAI/iterate/internal/context/repo_map.go:867.11,867.45 1 3
github.com/GrayCodeAI/iterate/internal/context/repo_map.go:867.45,869.6 1 1
github.com/GrayCodeAI/iterate/internal/context/repo_map.go:870.5,870.51 1 4
github.com/GrayCodeAI/iterate/internal/context/repo_map.go:875.3,875.40 1 13
github.com/GrayCodeAI/iterate/internal/context/repo_map.go:875.40,877.18 2 1
github.com/GrayCodeAI/iterate/internal/context/repo_map.go:877.18,886.5 2 1
github.com/GrayCodeAI/iterate/internal/context/repo_map.go:890.2,890.21 1 1
github.com/GrayCodeAI/iterate/internal/context/repo_map.go:894.73,896.16 2 1
github.com/GrayCodeAI/iterate/internal/context/repo_map.go:896.16,898.3 1 0
github.com/GrayCodeAI/iterate/internal/context/repo_map.go:900.2,908.29 3 1
github.com/GrayCodeAI/iterate/internal/context/repo_map.go:908.29,912.75 2 12
github.com/GrayCodeAI/iterate/internal/context/repo_map.go:912.75,914.18 2 3
github.com/GrayCodeAI/iterate/internal/context/repo_map.go:914.18,922.41 2 3
github.com/GrayCodeAI/iterate/internal/context/repo_map.go:922.41,924.6 1 2
github.com/GrayCodeAI/iterate/internal/context/repo_map.go:925.5,925.51 1 3
github.com/GrayCodeAI/iterate/internal/context/repo_map.go:930.3,930.83 1 12
github.com/GrayCodeAI/iterate/internal/context/repo_map.go:930.83,932.18 2 1
github.com/GrayCodeAI/iterate/internal/context/repo_map.go:932.18,940.41 2 1
github.com/GrayCodeAI/iterate/internal/context/repo_map.go:940.41,942.6 1 0
github.com/GrayCodeAI/iterate/internal/context/repo_map.go:943.5,943.51 1 1
github.com/GrayCodeAI/iterate/internal/context/repo_map.go:948.3,948.81 1 12
github.com/GrayCodeAI/iterate/internal/context/repo_map.go:948.81,950.18 2 1
github.com/GrayCodeAI/iterate/internal/context/repo_map.go:950.18,958.41 2 1
github.com/GrayCodeAI/iterate/internal/context/repo_map.go:958.41,960.6 1 1
github.com/GrayCodeAI/iterate/internal/context/repo_map.go:961.5,961.51 1 1
github.com/GrayCodeAI/iterate/internal/context/repo_map.go:966.2,966.21 1 1
github.com/GrayCodeAI/iterate/internal/context/repo_map.go:971.47,973.40 2 13
github.com/GrayCodeAI/iterate/internal/context/repo_map.go:973.40,975.3 1 2
github.com/GrayCodeAI/iterate/internal/context/repo_map.go:976.2,976.37 1 13
github.com/GrayCodeAI/iterate/internal/context/repo_map.go:976.37,978.3 1 2
github.com/GrayCodeAI/iterate/internal/context/repo_map.go:980.2,980.38 1 13
github.com/GrayCodeAI/iterate/internal/context/repo_map.go:980.38,982.3 1 0
github.com/GrayCodeAI/iterate/internal/context/repo_map.go:984.2,987.55 2 13
github.com/GrayCodeAI/iterate/internal/context/repo_map.go:987.55,989.3 1 148
github.com/GrayCodeAI/iterate/internal/context/repo_map.go:991.2,991.19 1 13
github.com/GrayCodeAI/iterate/internal/context/repo_map.go:991.19,993.3 1 0
github.com/GrayCodeAI/iterate/internal/context/repo_map.go:995.2,995.23 1 13
github.com/GrayCodeAI/iterate/internal/context/repo_map.go:998.51,1000.60 1 1
github.com/GrayCodeAI/iterate/internal/context/repo_map.go:1000.60,1001.38 1 1
github.com/GrayCodeAI/iterate/internal/context/repo_map.go:1001.38,1004.19 3 1
github.com/GrayCodeAI/iterate/internal/context/repo_map.go:1004.19,1006.37 2 1
github.com/GrayCodeAI/iterate/internal/context/repo_map.go:1006.37,1008.6 1 1
github.com/GrayCodeAI/iterate/internal/context/repo_map.go:1012.2,1012.11 1 0
github.com/GrayCodeAI/iterate/internal/context/repo_map.go:1015.51,1016.40 1 14
github.com/GrayCodeAI/iterate/internal/context/repo_map.go:1016.40,1018.3 1 14
github.com/GrayCodeAI/iterate/internal/context/repo_map.go:1019.2,1019.32 1 0
github.com/GrayCodeAI/iterate/internal/context/repo_map.go:1023.56,1027.2 3 28
github.com/GrayCodeAI/iterate/internal/context/repo_map.go:1030.56,1032.2 1 1
github.com/GrayCodeAI/iterate/internal/context/repo_map.go:1035.50,1036.34 1 1
github.com/GrayCodeAI/iterate/internal/context/repo_map.go:1036.34,1037.35 1 1
github.com/GrayCodeAI/iterate/internal/context/repo_map.go:1037.35,1039.4 1 1
github.com/GrayCodeAI/iterate/internal/context/repo_map.go:1041.2,1041.12 1 0
github.com/GrayCodeAI/iterate/internal/context/repo_map.go:1045.40,1058.32 10 1
github.com/GrayCodeAI/iterate/internal/context/repo_map.go:1058.32,1060.3 1 1
github.com/GrayCodeAI/iterate/internal/context/repo_map.go:1061.2,1063.35 2 1
github.com/GrayCodeAI/iterate/internal/context/repo_map.go:1063.35,1066.20 2 1
github.com/GrayCodeAI/iterate/internal/context/repo_map.go:1066.20,1068.4 1 1
github.com/GrayCodeAI/iterate/internal/context/repo_map.go:1068.9,1070.4 1 0
github.com/GrayCodeAI/iterate/internal/context/repo_map.go:1073.3,1074.31 2 1
github.com/GrayCodeAI/iterate/internal/context/repo_map.go:1074.31,1076.4 1 1
github.com/GrayCodeAI/iterate/internal/context/repo_map.go:1077.3,1079.38 2 1
github.com/GrayCodeAI/iterate/internal/context/repo_map.go:1079.38,1083.26 3 1
github.com/GrayCodeAI/iterate/internal/context/repo_map.go:1083.26,1085.35 2 1
github.com/GrayCodeAI/iterate/internal/context/repo_map.go:1085.35,1086.25 1 1
github.com/GrayCodeAI/iterate/internal/context/repo_map.go:1086.25,1088.7 1 0
github.com/GrayCodeAI/iterate/internal/context/repo_map.go:1088.12,1090.7 1 1
github.com/GrayCodeAI/iterate/internal/context/repo_map.go:1092.5,1092.25 1 1
github.com/GrayCodeAI/iterate/internal/context/repo_map.go:1095.4,1095.26 1 1
github.com/GrayCodeAI/iterate/internal/context/repo_map.go:1095.26,1100.35 4 1
github.com/GrayCodeAI/iterate/internal/context/repo_map.go:1100.35,1102.45 2 2
github.com/GrayCodeAI/iterate/internal/context/repo_map.go:1102.45,1104.7 1 0
github.com/GrayCodeAI/iterate/internal/context/repo_map.go:1105.6,1106.64 1 2
github.com/GrayCodeAI/iterate/internal/context/repo_map.go:1108.5,1108.25 1 1
github.com/GrayCodeAI/iterate/internal/context/repo_map.go:1113.2,1113.20 1 1
github.com/GrayCodeAI/iterate/internal/context/repo_map.go:1117.45,1122.32 3 1
github.com/GrayCodeAI/iterate/internal/context/repo_map.go:1122.32,1124.3 1 1
github.com/GrayCodeAI/iterate/internal/context/repo_map.go:1125.2,1127.35 2 1
github.com/GrayCodeAI/iterate/internal/context/repo_map.go:1127.35,1130.20 2 1
github.com/GrayCodeAI/iterate/internal/context/repo_map.go:1130.20,1132.4 1 1
github.com/GrayCodeAI/iterate/internal/context/repo_map.go:1132.9,1134.4 1 0
github.com/GrayCodeAI/iterate/internal/context/repo_map.go:1137.3,1138.31 2 1
github.com/GrayCodeAI/iterate/internal/context/repo_map.go:1138.31,1140.4 1 1
github.com/GrayCodeAI/iterate/internal/context/repo_map.go:1141.3,1143.38 2 1
github.com/GrayCodeAI/iterate/internal/context/repo_map.go:1143.38,1152.34 6 1
github.com/GrayCodeAI/iterate/internal/context/repo_map.go:1152.34,1153.21 1 2
github.com/GrayCodeAI/iterate/internal/context/repo_map.go:1154.39,1155.40 1 1
github.com/GrayCodeAI/iterate/internal/context/repo_map.go:1156.52,1157.32 1 1
github.com/GrayCodeAI/iterate/internal/context/repo_map.go:1158.13,1159.34 1 0
github.com/GrayCodeAI/iterate/internal/context/repo_map.go:1164.4,1164.30 1 1
github.com/GrayCodeAI/iterate/internal/context/repo_map.go:1164.30,1166.5 1 1
github.com/GrayCodeAI/iterate/internal/context/repo_map.go:1169.4,1169.34 1 1
github.com/GrayCodeAI/iterate/internal/context/repo_map.go:1169.34,1170.33 1 1
github.com/GrayCodeAI/iterate/internal/context/repo_map.go:1170.33,1172.6 1 0
github.com/GrayCodeAI/iterate/internal/context/repo_map.go:1172.11,1174.6 1 1
github.com/GrayCodeAI/iterate/internal/context/repo_map.go:1178.3,1178.23 1 1
github.com/GrayCodeAI/iterate/internal/context/repo_map.go:1181.2,1181.20 1 1
github.com/GrayCodeAI/iterate/internal/context/test_coverage.go:30.54,39.2 1 19
github.com/GrayCodeAI/iterate/internal/context/test_coverage.go:78.99,79.19 1 18
github.com/GrayCodeAI/iterate/internal/context/test_coverage.go:79.19,81.3 1 18
github.com/GrayCodeAI/iterate/internal/context/test_coverage.go:82.2,82.19 1 18
github.com/GrayCodeAI/iterate/internal/context/test_coverage.go:82.19,84.3 1 16
github.com/GrayCodeAI/iterate/internal/context/test_coverage.go:86.2,91.3 1 18
github.com/GrayCodeAI/iterate/internal/context/test_coverage.go:95.99,109.20 6 8
github.com/GrayCodeAI/iterate/internal/context/test_coverage.go:109.20,112.3 2 0
github.com/GrayCodeAI/iterate/internal/context/test_coverage.go:115.2,115.48 1 8
github.com/GrayCodeAI/iterate/internal/context/test_coverage.go:115.48,116.50 1 6
github.com/GrayCodeAI/iterate/internal/context/test_coverage.go:116.50,118.4 1 1
github.com/GrayCodeAI/iterate/internal/context/test_coverage.go:118.9,120.18 2 5
github.com/GrayCodeAI/iterate/internal/context/test_coverage.go:120.18,126.5 5 5
github.com/GrayCodeAI/iterate/internal/context/test_coverage.go:131.2,132.89 2 8
github.com/GrayCodeAI/iterate/internal/context/test_coverage.go:132.89,133.38 1 3
github.com/GrayCodeAI/iterate/internal/context/test_coverage.go:133.38,134.56 1 5
github.com/GrayCodeAI/iterate/internal/context/test_coverage.go:134.56,135.10 1 1
github.com/GrayCodeAI/iterate/internal/context/test_coverage.go:137.4,138.18 2 4
github.com/GrayCodeAI/iterate/internal/context/test_coverage.go:138.18,142.5 3 4
github.com/GrayCodeAI/iterate/internal/context/test_coverage.go:147.2,147.32 1 8
github.com/GrayCodeAI/iterate/internal/context/test_coverage.go:147.32,149.3 1 8
github.com/GrayCodeAI/iterate/internal/context/test_coverage.go:151.2,152.20 2 8
github.com/GrayCodeAI/iterate/internal/context/test_coverage.go:156.75,161.13 3 12
github.com/GrayCodeAI/iterate/internal/context/test_coverage.go:162.13,163.30 1 9
github.com/GrayCodeAI/iterate/internal/context/test_coverage.go:164.36,165.30 1 1
github.com/GrayCodeAI/iterate/internal/context/test_coverage.go:166.13,167.30 1 1
github.com/GrayCodeAI/iterate/internal/context/test_coverage.go:168.13,169.20 1 1
github.com/GrayCodeAI/iterate/internal/context/test_coverage.go:170.10,171.30 1 0
github.com/GrayCodeAI/iterate/internal/context/test_coverage.go:176.83,178.43 1 12
github.com/GrayCodeAI/iterate/internal/context/test_coverage.go:178.43,180.3 1 3
github.com/GrayCodeAI/iterate/internal/context/test_coverage.go:182.2,183.16 2 9
github.com/GrayCodeAI/iterate/internal/context/test_coverage.go:183.16,185.3 1 0
github.com/GrayCodeAI/iterate/internal/context/test_coverage.go:187.2,193.13 3 9
github.com/GrayCodeAI/iterate/internal/context/test_coverage.go:194.13,195.34 1 6
github.com/GrayCodeAI/iterate/internal/context/test_coverage.go:196.36,197.34 1 1
github.com/GrayCodeAI/iterate/internal/context/test_coverage.go:198.13,199.38 1 1
github.com/GrayCodeAI/iterate/internal/context/test_coverage.go:200.13,201.36 1 1
github.com/GrayCodeAI/iterate/internal/context/test_coverage.go:205.2,207.18 2 9
github.com/GrayCodeAI/iterate/internal/context/test_coverage.go:211.82,215.28 3 6
github.com/GrayCodeAI/iterate/internal/context/test_coverage.go:215.28,216.17 1 6
github.com/GrayCodeAI/iterate/internal/context/test_coverage.go:216.17,218.4 1 6
github.com/GrayCodeAI/iterate/internal/context/test_coverage.go:222.2,224.28 3 6
github.com/GrayCodeAI/iterate/internal/context/test_coverage.go:224.28,225.17 1 1
github.com/GrayCodeAI/iterate/internal/context/test_coverage.go:225.17,227.4 1 1
github.com/GrayCodeAI/iterate/internal/context/test_coverage.go:231.2,233.28 3 6
github.com/GrayCodeAI/iterate/internal/context/test_coverage.go:233.28,234.17 1 1
github.com/GrayCodeAI/iterate/internal/context/test_coverage.go:234.17,236.4 1 1
github.com/GrayCodeAI/iterate/internal/context/test_coverage.go:241.82,246.28 3 1
github.com/GrayCodeAI/iterate/internal/context/test_coverage.go:246.28,247.17 1 4
github.com/GrayCodeAI/iterate/internal/context/test_coverage.go:247.17,249.4 1 4
github.com/GrayCodeAI/iterate/internal/context/test_coverage.go:254.86,258.28 3 1
github.com/GrayCodeAI/iterate/internal/context/test_coverage.go:258.28,259.17 1 3
github.com/GrayCodeAI/iterate/internal/context/test_coverage.go:259.17,261.4 1 3
github.com/GrayCodeAI/iterate/internal/context/test_coverage.go:265.2,267.28 3 1
github.com/GrayCodeAI/iterate/internal/context/test_coverage.go:267.28,268.17 1 1
github.com/GrayCodeAI/iterate/internal/context/test_coverage.go:268.17,270.4 1 1
github.com/GrayCodeAI/iterate/internal/context/test_coverage.go:275.84,279.28 3 1
github.com/GrayCodeAI/iterate/internal/context/test_coverage.go:279.28,280.17 1 2
github.com/GrayCodeAI/iterate/internal/context/test_coverage.go:280.17,282.4 1 2
github.com/GrayCodeAI/iterate/internal/context/test_coverage.go:286.2,288.28 3 1
github.com/GrayCodeAI/iterate/internal/context/test_coverage.go:288.28,289.17 1 1
github.com/GrayCodeAI/iterate/internal/context/test_coverage.go:289.17,291.4 1 1
github.com/GrayCodeAI/iterate/internal/context/test_coverage.go:296.94,300.16 3 9
github.com/GrayCodeAI/iterate/internal/context/test_coverage.go:300.16,302.3 1 0
github.com/GrayCodeAI/iterate/internal/context/test_coverage.go:304.2,305.32 2 9
github.com/GrayCodeAI/iterate/internal/context/test_coverage.go:305.32,306.20 1 26
github.com/GrayCodeAI/iterate/internal/context/test_coverage.go:306.20,307.12 1 0
github.com/GrayCodeAI/iterate/internal/context/test_coverage.go:309.3,312.126 2 26
github.com/GrayCodeAI/iterate/internal/context/test_coverage.go:312.126,314.31 2 16
github.com/GrayCodeAI/iterate/internal/context/test_coverage.go:314.31,316.5 1 9
github.com/GrayCodeAI/iterate/internal/context/test_coverage.go:321.2,323.18 2 9
github.com/GrayCodeAI/iterate/internal/context/test_coverage.go:327.122,330.37 2 2
github.com/GrayCodeAI/iterate/internal/context/test_coverage.go:330.37,331.10 1 3
github.com/GrayCodeAI/iterate/internal/context/test_coverage.go:332.21,333.25 1 1
github.com/GrayCodeAI/iterate/internal/context/test_coverage.go:334.11,334.11 0 2
github.com/GrayCodeAI/iterate/internal/context/test_coverage.go:337.3,338.17 2 2
github.com/GrayCodeAI/iterate/internal/context/test_coverage.go:338.17,340.12 2 0
github.com/GrayCodeAI/iterate/internal/context/test_coverage.go:342.3,342.36 1 2
github.com/GrayCodeAI/iterate/internal/context/test_coverage.go:345.2,345.21 1 1
github.com/GrayCodeAI/iterate/internal/context/test_coverage.go:349.85,353.2 3 1
github.com/GrayCodeAI/iterate/internal/context/test_coverage.go:356.46,361.2 4 1
github.com/GrayCodeAI/iterate/internal/context/test_coverage.go:364.71,371.37 5 1
github.com/GrayCodeAI/iterate/internal/context/test_coverage.go:371.37,374.3 2 2
github.com/GrayCodeAI/iterate/internal/context/test_coverage.go:376.2,382.3 1 1
github.com/GrayCodeAI/iterate/internal/context/test_coverage.go:386.50,391.17 3 2
github.com/GrayCodeAI/iterate/internal/context/test_coverage.go:391.17,394.3 2 1
github.com/GrayCodeAI/iterate/internal/context/test_coverage.go:396.2,399.33 2 1
github.com/GrayCodeAI/iterate/internal/context/test_coverage.go:399.33,402.32 2 1
github.com/GrayCodeAI/iterate/internal/context/test_coverage.go:402.32,404.42 2 1
github.com/GrayCodeAI/iterate/internal/context/test_coverage.go:404.42,406.5 1 2
github.com/GrayCodeAI/iterate/internal/context/test_coverage.go:407.4,407.24 1 1
github.com/GrayCodeAI/iterate/internal/context/test_coverage.go:410.3,410.29 1 1
github.com/GrayCodeAI/iterate/internal/context/test_coverage.go:410.29,412.40 2 1
github.com/GrayCodeAI/iterate/internal/context/test_coverage.go:412.40,414.5 1 1
github.com/GrayCodeAI/iterate/internal/context/test_coverage.go:415.4,415.24 1 1
github.com/GrayCodeAI/iterate/internal/context/test_coverage.go:419.2,419.20 1 1
github.com/GrayCodeAI/iterate/internal/context/test_coverage.go:423.75,427.13 3 7
github.com/GrayCodeAI/iterate/internal/context/test_coverage.go:428.13,430.39 1 4
github.com/GrayCodeAI/iterate/internal/context/test_coverage.go:430.39,432.4 1 4
github.com/GrayCodeAI/iterate/internal/context/test_coverage.go:433.36,435.51 1 1
github.com/GrayCodeAI/iterate/internal/context/test_coverage.go:435.51,437.4 1 1
github.com/GrayCodeAI/iterate/internal/context/test_coverage.go:438.13,440.39 1 1
github.com/GrayCodeAI/iterate/internal/context/test_coverage.go:440.39,442.4 1 1
github.com/GrayCodeAI/iterate/internal/context/test_coverage.go:445.2,445.11 1 1
github.com/GrayCodeAI/iterate/internal/context/test_coverage.go:449.95,451.18 2 3
github.com/GrayCodeAI/iterate/internal/context/test_coverage.go:451.18,453.3 1 0
github.com/GrayCodeAI/iterate/internal/context/test_coverage.go:455.2,455.33 1 3
github.com/GrayCodeAI/iterate/internal/context/test_coverage.go:455.33,456.19 1 5
github.com/GrayCodeAI/iterate/internal/context/test_coverage.go:456.19,458.4 1 2
github.com/GrayCodeAI/iterate/internal/context/test_coverage.go:461.2,461.14 1 1
github.com/GrayCodeAI/iterate/internal/retry/retry.go:22.34,29.2 1 1
github.com/GrayCodeAI/iterate/internal/retry/retry.go:38.41,40.2 1 1
github.com/GrayCodeAI/iterate/internal/retry/retry.go:43.34,44.16 1 28
github.com/GrayCodeAI/iterate/internal/retry/retry.go:44.16,46.3 1 1
github.com/GrayCodeAI/iterate/internal/retry/retry.go:48.2,63.44 3 27
github.com/GrayCodeAI/iterate/internal/retry/retry.go:63.44,64.40 1 117
github.com/GrayCodeAI/iterate/internal/retry/retry.go:64.40,66.4 1 24
github.com/GrayCodeAI/iterate/internal/retry/retry.go:69.2,69.14 1 3
github.com/GrayCodeAI/iterate/internal/retry/retry.go:73.108,76.60 2 5
github.com/GrayCodeAI/iterate/internal/retry/retry.go:76.60,77.18 1 12
github.com/GrayCodeAI/iterate/internal/retry/retry.go:77.18,85.11 3 7
github.com/GrayCodeAI/iterate/internal/retry/retry.go:86.29,86.29 0 6
github.com/GrayCodeAI/iterate/internal/retry/retry.go:87.22,88.21 1 1
github.com/GrayCodeAI/iterate/internal/retry/retry.go:92.3,93.17 2 11
github.com/GrayCodeAI/iterate/internal/retry/retry.go:93.17,94.19 1 2
github.com/GrayCodeAI/iterate/internal/retry/retry.go:94.19,96.5 1 1
github.com/GrayCodeAI/iterate/internal/retry/retry.go:97.4,97.14 1 2
github.com/GrayCodeAI/iterate/internal/retry/retry.go:100.3,103.40 2 9
github.com/GrayCodeAI/iterate/internal/retry/retry.go:103.40,106.4 2 1
github.com/GrayCodeAI/iterate/internal/retry/retry.go:109.3,109.35 1 8
github.com/GrayCodeAI/iterate/internal/retry/retry.go:109.35,114.4 2 1
github.com/GrayCodeAI/iterate/internal/retry/retry.go:117.2,117.16 1 0
github.com/GrayCodeAI/iterate/internal/retry/retry.go:121.68,123.31 2 18
github.com/GrayCodeAI/iterate/internal/retry/retry.go:123.31,125.3 1 113
github.com/GrayCodeAI/iterate/internal/retry/retry.go:127.2,127.29 1 18
github.com/GrayCodeAI/iterate/internal/retry/retry.go:127.29,129.3 1 1
github.com/GrayCodeAI/iterate/internal/retry/retry.go:131.2,131.14 1 18
github.com/GrayCodeAI/iterate/internal/retry/retry.go:144.34,147.4 1 1
github.com/GrayCodeAI/iterate/internal/retry/retry.go:151.34,153.4 1 1
github.com/GrayCodeAI/iterate/internal/retry/retry.go:157.34,159.4 1 1
github.com/GrayCodeAI/iterate/internal/retry/retry.go:164.34,165.16 1 13
github.com/GrayCodeAI/iterate/internal/retry/retry.go:165.16,167.3 1 1
github.com/GrayCodeAI/iterate/internal/retry/retry.go:169.2,171.38 2 12
github.com/GrayCodeAI/iterate/internal/retry/retry.go:171.38,172.66 1 33
github.com/GrayCodeAI/iterate/internal/retry/retry.go:172.66,174.4 1 3
github.com/GrayCodeAI/iterate/internal/retry/retry.go:177.2,177.12 1 9
github.com/GrayCodeAI/iterate/internal/retry/retry.go:190.128,195.60 4 4
github.com/GrayCodeAI/iterate/internal/retry/retry.go:195.60,196.18 1 10
github.com/GrayCodeAI/iterate/internal/retry/retry.go:196.18,200.11 3 6
github.com/GrayCodeAI/iterate/internal/retry/retry.go:201.29,201.29 0 5
github.com/GrayCodeAI/iterate/internal/retry/retry.go:202.22,205.18 3 1
github.com/GrayCodeAI/iterate/internal/retry/retry.go:209.3,212.17 3 9
github.com/GrayCodeAI/iterate/internal/retry/retry.go:212.17,216.4 3 1
github.com/GrayCodeAI/iterate/internal/retry/retry.go:218.3,220.40 2 8
github.com/GrayCodeAI/iterate/internal/retry/retry.go:220.40,224.4 3 1
github.com/GrayCodeAI/iterate/internal/retry/retry.go:227.2,229.15 3 1
